#
# There is insufficient memory for the Java Runtime Environment to continue.
# Native memory allocation (mmap) failed to map 120586240 bytes. Error detail: G1 virtual space
# Possible reasons:
#   The system is out of physical RAM or swap space
#   This process is running with CompressedOops enabled, and the Java Heap may be blocking the growth of the native heap
# Possible solutions:
#   Reduce memory load on the system
#   Increase physical memory or swap space
#   Check if swap backing store is full
#   Decrease Java heap size (-Xmx/-Xms)
#   Decrease number of Java threads
#   Decrease Java thread stack sizes (-Xss)
#   Set larger code cache with -XX:ReservedCodeCacheSize=
#   JVM is running with Unscaled Compressed Oops mode in which the Java heap is
#     placed in the first 4GB address space. The Java Heap base address is the
#     maximum limit for the native heap growth. Please use -XX:HeapBaseMinAddress
#     to set the Java Heap base and to place the Java Heap above 4GB virtual address.
# This output file may be truncated or incomplete.
#
#  Out of Memory Error (os_windows.cpp:3618), pid=24792, tid=12924
#
# JRE version: OpenJDK Runtime Environment OpenLogic-OpenJDK (17.0.14+7) (build 17.0.14+7-adhoc..jdk17u)
# Java VM: OpenJDK 64-Bit Server VM OpenLogic-OpenJDK (17.0.14+7-adhoc..jdk17u, mixed mode, sharing, tiered, compressed oops, compressed class ptrs, g1 gc, windows-amd64)
# No core dump will be written. Minidumps are not enabled by default on client versions of Windows
#

---------------  S U M M A R Y ------------

Command Line: --add-opens=java.base/java.lang=ALL-UNNAMED --add-opens=java.base/java.lang.invoke=ALL-UNNAMED --add-opens=java.base/java.util=ALL-UNNAMED --add-opens=java.prefs/java.util.prefs=ALL-UNNAMED --add-exports=jdk.compiler/com.sun.tools.javac.api=ALL-UNNAMED --add-exports=jdk.compiler/com.sun.tools.javac.util=ALL-UNNAMED --add-opens=java.base/java.util=ALL-UNNAMED --add-opens=java.prefs/java.util.prefs=ALL-UNNAMED --add-opens=java.base/java.nio.charset=ALL-UNNAMED --add-opens=java.base/java.net=ALL-UNNAMED --add-opens=java.base/java.util.concurrent.atomic=ALL-UNNAMED --add-opens=java.xml/javax.xml.namespace=ALL-UNNAMED -XX:MaxMetaspaceSize=512m -Xmx2048m -Dfile.encoding=UTF-8 -Duser.country=US -Duser.language=en -Duser.variant -javaagent:C:\Users\satya\.gradle\wrapper\dists\gradle-8.13-bin\5xuhj0ry160q40clulazy9h7d\gradle-8.13\lib\agents\gradle-instrumentation-agent-8.13.jar org.gradle.launcher.daemon.bootstrap.GradleDaemon 8.13

Host: 11th Gen Intel(R) Core(TM) i5-11320H @ 3.20GHz, 8 cores, 23G,  Windows 11 , 64 bit Build 22621 (10.0.22621.5415)
Time: Thu Jul 31 15:57:28 2025 India Standard Time elapsed time: 30.001501 seconds (0d 0h 0m 30s)

---------------  T H R E A D  ---------------

Current thread (0x0000013e2450a740):  VMThread "VM Thread" [stack: 0x0000000100c00000,0x0000000100d00000] [id=12924]

Stack: [0x0000000100c00000,0x0000000100d00000]
Native frames: (J=compiled Java code, j=interpreted, Vv=VM code, C=native code)
V  [jvm.dll+0x681069]
V  [jvm.dll+0x838cca]
V  [jvm.dll+0x83a78e]
V  [jvm.dll+0x83adf3]
V  [jvm.dll+0x24826f]
V  [jvm.dll+0x67dd99]
V  [jvm.dll+0x67286a]
V  [jvm.dll+0x30826b]
V  [jvm.dll+0x30f756]
V  [jvm.dll+0x35face]
V  [jvm.dll+0x35fd0f]
V  [jvm.dll+0x2df21c]
V  [jvm.dll+0x2dd5df]
V  [jvm.dll+0x2dcd0c]
V  [jvm.dll+0x3204ab]
V  [jvm.dll+0x83f2ed]
V  [jvm.dll+0x840032]
V  [jvm.dll+0x84055f]
V  [jvm.dll+0x840944]
V  [jvm.dll+0x840a10]
V  [jvm.dll+0x7e7f6c]
V  [jvm.dll+0x67ff37]
C  [ucrtbase.dll+0x29333]
C  [KERNEL32.DLL+0x1259d]
C  [ntdll.dll+0x5af78]

VM_Operation (0x00000001059fb6a0): G1CollectForAllocation, mode: safepoint, requested by thread 0x0000013e4414c060


---------------  P R O C E S S  ---------------

Threads class SMR info:
_java_thread_list=0x0000013e47674170, length=143, elements={
0x0000013e04ccda90, 0x0000013e2450d720, 0x0000013e2450e2e0, 0x0000013e2451eac0,
0x0000013e2451f680, 0x0000013e24524160, 0x0000013e24524b20, 0x0000013e245258c0,
0x0000013e24526370, 0x0000013e24539b10, 0x0000013e246b3610, 0x0000013e247b3620,
0x0000013e458af360, 0x0000013e45de4720, 0x0000013e46057ae0, 0x0000013e460067e0,
0x0000013e45db0500, 0x0000013e45f9ca90, 0x0000013e45f9c070, 0x0000013e45f9cfa0,
0x0000013e45f9c580, 0x0000013e45f9d4b0, 0x0000013e45f9d9c0, 0x0000013e45f9ded0,
0x0000013e45f9ee00, 0x0000013e45f9e3e0, 0x0000013e45f9e8f0, 0x0000013e45f9f820,
0x0000013e46d04bb0, 0x0000013e46d05ff0, 0x0000013e46cff090, 0x0000013e46cfffc0,
0x0000013e46d03c80, 0x0000013e46d004d0, 0x0000013e46d03770, 0x0000013e46d05ae0,
0x0000013e46d06a10, 0x0000013e46d02d50, 0x0000013e46d050c0, 0x0000013e46cffab0,
0x0000013e46d046a0, 0x0000013e46d01400, 0x0000013e46d055d0, 0x0000013e46d03260,
0x0000013e46d06500, 0x0000013e46d00ef0, 0x0000013e46d01910, 0x0000013e46d01e20,
0x0000013e4414c570, 0x0000013e441525a0, 0x0000013e4414edf0, 0x0000013e44151b80,
0x0000013e4414f300, 0x0000013e4414e8e0, 0x0000013e4414d9b0, 0x0000013e4414f810,
0x0000013e44150230, 0x0000013e44151160, 0x0000013e4414ca80, 0x0000013e4414cf90,
0x0000013e4414fd20, 0x0000013e4414dec0, 0x0000013e4414b640, 0x0000013e4414bb50,
0x0000013e44152ab0, 0x0000013e44150740, 0x0000013e4414e3d0, 0x0000013e44150c50,
0x0000013e4414c060, 0x0000013e44152090, 0x0000013e44152fc0, 0x0000013e4890b360,
0x0000013e4890a940, 0x0000013e48905d50, 0x0000013e48909a10, 0x0000013e48905330,
0x0000013e48904e20, 0x0000013e48906260, 0x0000013e4890ae50, 0x0000013e4890a430,
0x0000013e48908ae0, 0x0000013e489080c0, 0x0000013e489076a0, 0x0000013e48906770,
0x0000013e48907bb0, 0x0000013e489085d0, 0x0000013e48905840, 0x0000013e48908ff0,
0x0000013e48907190, 0x0000013e4890b870, 0x0000013e48909500, 0x0000013e48906c80,
0x0000013e48904400, 0x0000013e48904910, 0x0000013e444d7eb0, 0x0000013e444db660,
0x0000013e444d6a70, 0x0000013e444d7490, 0x0000013e444d9800, 0x0000013e444d5b40,
0x0000013e444d41f0, 0x0000013e444da220, 0x0000013e444d5630, 0x0000013e444d6050,
0x0000013e444d83c0, 0x0000013e444d88d0, 0x0000013e444d4c10, 0x0000013e444dbb70,
0x0000013e444d4700, 0x0000013e444d79a0, 0x0000013e444d6560, 0x0000013e444d8de0,
0x0000013e444d92f0, 0x0000013e444d9d10, 0x0000013e444da730, 0x0000013e444dac40,
0x0000013e444db150, 0x0000013e444d5120, 0x0000013e444d6f80, 0x0000013e470cba80,
0x0000013e470c5f60, 0x0000013e470c6980, 0x0000013e470ca640, 0x0000013e470c78b0,
0x0000013e470c5030, 0x0000013e470cbf90, 0x0000013e470cc4a0, 0x0000013e470c6e90,
0x0000013e470cc9b0, 0x0000013e470c9c20, 0x0000013e470c73a0, 0x0000013e470c5540,
0x0000013e470c5a50, 0x0000013e470cab50, 0x0000013e470cb060, 0x0000013e470ca130,
0x0000013e470c6470, 0x0000013e470c7dc0, 0x0000013e470c82d0, 0x0000013e470cb570,
0x0000013e470c8cf0, 0x0000013e470c9200, 0x0000013e470c9710
}

Java Threads: ( => current thread )
  0x0000013e04ccda90 JavaThread "main" [_thread_blocked, id=26092, stack(0x0000000100600000,0x0000000100700000)]
  0x0000013e2450d720 JavaThread "Reference Handler" daemon [_thread_blocked, id=14208, stack(0x0000000100d00000,0x0000000100e00000)]
  0x0000013e2450e2e0 JavaThread "Finalizer" daemon [_thread_blocked, id=7332, stack(0x0000000100e00000,0x0000000100f00000)]
  0x0000013e2451eac0 JavaThread "Signal Dispatcher" daemon [_thread_blocked, id=19492, stack(0x0000000100f00000,0x0000000101000000)]
  0x0000013e2451f680 JavaThread "Attach Listener" daemon [_thread_blocked, id=20944, stack(0x0000000101000000,0x0000000101100000)]
  0x0000013e24524160 JavaThread "Service Thread" daemon [_thread_blocked, id=23872, stack(0x0000000101100000,0x0000000101200000)]
  0x0000013e24524b20 JavaThread "Monitor Deflation Thread" daemon [_thread_blocked, id=23680, stack(0x0000000101200000,0x0000000101300000)]
  0x0000013e245258c0 JavaThread "C2 CompilerThread0" daemon [_thread_blocked, id=23800, stack(0x0000000101300000,0x0000000101400000)]
  0x0000013e24526370 JavaThread "C1 CompilerThread0" daemon [_thread_blocked, id=16952, stack(0x0000000101400000,0x0000000101500000)]
  0x0000013e24539b10 JavaThread "Sweeper thread" daemon [_thread_blocked, id=23880, stack(0x0000000101500000,0x0000000101600000)]
  0x0000013e246b3610 JavaThread "Common-Cleaner" daemon [_thread_blocked, id=5540, stack(0x0000000101600000,0x0000000101700000)]
  0x0000013e247b3620 JavaThread "Notification Thread" daemon [_thread_blocked, id=9936, stack(0x0000000101800000,0x0000000101900000)]
  0x0000013e458af360 JavaThread "Daemon health stats" [_thread_blocked, id=10516, stack(0x0000000102200000,0x0000000102300000)]
  0x0000013e45de4720 JavaThread "Incoming local TCP Connector on port 61324" [_thread_in_native, id=26564, stack(0x0000000101a00000,0x0000000101b00000)]
  0x0000013e46057ae0 JavaThread "Daemon periodic checks" [_thread_blocked, id=22724, stack(0x0000000102300000,0x0000000102400000)]
  0x0000013e460067e0 JavaThread "Daemon" [_thread_blocked, id=4264, stack(0x0000000102400000,0x0000000102500000)]
  0x0000013e45db0500 JavaThread "Handler for socket connection from /127.0.0.1:61324 to /127.0.0.1:61325" [_thread_in_native, id=12608, stack(0x0000000102500000,0x0000000102600000)]
  0x0000013e45f9ca90 JavaThread "Cancel handler" [_thread_blocked, id=26364, stack(0x0000000102600000,0x0000000102700000)]
  0x0000013e45f9c070 JavaThread "Daemon worker" [_thread_blocked, id=14080, stack(0x0000000102700000,0x0000000102800000)]
  0x0000013e45f9cfa0 JavaThread "Asynchronous log dispatcher for DefaultDaemonConnection: socket connection from /127.0.0.1:61324 to /127.0.0.1:61325" [_thread_blocked, id=16100, stack(0x0000000102800000,0x0000000102900000)]
  0x0000013e45f9c580 JavaThread "Stdin handler" [_thread_blocked, id=21912, stack(0x0000000102900000,0x0000000102a00000)]
  0x0000013e45f9d4b0 JavaThread "Daemon client event forwarder" [_thread_blocked, id=5632, stack(0x0000000102a00000,0x0000000102b00000)]
  0x0000013e45f9d9c0 JavaThread "Cache worker for journal cache (C:\Users\satya\.gradle\caches\journal-1)" [_thread_blocked, id=25248, stack(0x0000000102b00000,0x0000000102c00000)]
  0x0000013e45f9ded0 JavaThread "File lock request listener" [_thread_in_native, id=26156, stack(0x0000000102c00000,0x0000000102d00000)]
  0x0000013e45f9ee00 JavaThread "Cache worker for file hash cache (C:\Users\satya\.gradle\caches\8.13\fileHashes)" [_thread_blocked, id=24700, stack(0x0000000102d00000,0x0000000102e00000)]
  0x0000013e45f9e3e0 JavaThread "File lock release action executor" [_thread_blocked, id=23052, stack(0x0000000102e00000,0x0000000102f00000)]
  0x0000013e45f9e8f0 JavaThread "Cache worker for file hash cache (E:\MERN\projects\astrology\android\.gradle\8.13\fileHashes)" [_thread_blocked, id=21232, stack(0x0000000102f00000,0x0000000103000000)]
  0x0000013e45f9f820 JavaThread "Cache worker for Build Output Cleanup Cache (E:\MERN\projects\astrology\android\.gradle\buildOutputCleanup)" [_thread_blocked, id=1056, stack(0x0000000103000000,0x0000000103100000)]
  0x0000013e46d04bb0 JavaThread "File watcher server" daemon [_thread_in_native, id=3816, stack(0x0000000103200000,0x0000000103300000)]
  0x0000013e46d05ff0 JavaThread "File watcher consumer" daemon [_thread_blocked, id=2776, stack(0x0000000103300000,0x0000000103400000)]
  0x0000013e46cff090 JavaThread "jar transforms" [_thread_blocked, id=25936, stack(0x0000000103400000,0x0000000103500000)]
  0x0000013e46cfffc0 JavaThread "jar transforms Thread 2" [_thread_blocked, id=11608, stack(0x0000000103500000,0x0000000103600000)]
  0x0000013e46d03c80 JavaThread "jar transforms Thread 3" [_thread_blocked, id=26188, stack(0x0000000103600000,0x0000000103700000)]
  0x0000013e46d004d0 JavaThread "jar transforms Thread 4" [_thread_blocked, id=26616, stack(0x0000000103800000,0x0000000103900000)]
  0x0000013e46d03770 JavaThread "jar transforms Thread 5" [_thread_blocked, id=25136, stack(0x0000000103900000,0x0000000103a00000)]
  0x0000013e46d05ae0 JavaThread "Cache worker for checksums cache (E:\MERN\projects\astrology\android\.gradle\8.13\checksums)" [_thread_blocked, id=25540, stack(0x0000000103a00000,0x0000000103b00000)]
  0x0000013e46d06a10 JavaThread "Cache worker for file content cache (C:\Users\satya\.gradle\caches\8.13\fileContent)" [_thread_blocked, id=16496, stack(0x0000000103b00000,0x0000000103c00000)]
  0x0000013e46d02d50 JavaThread "jar transforms Thread 6" [_thread_blocked, id=22084, stack(0x0000000101700000,0x0000000101800000)]
  0x0000013e46d050c0 JavaThread "jar transforms Thread 7" [_thread_blocked, id=21940, stack(0x0000000103700000,0x0000000103800000)]
  0x0000013e46cffab0 JavaThread "jar transforms Thread 8" [_thread_blocked, id=23344, stack(0x0000000103c00000,0x0000000103d00000)]
  0x0000013e46d046a0 JavaThread "Cache worker for cache directory md-supplier (C:\Users\satya\.gradle\caches\8.13\md-supplier)" [_thread_blocked, id=2128, stack(0x0000000103d00000,0x0000000103e00000)]
  0x0000013e46d01400 JavaThread "Cache worker for cache directory md-rule (C:\Users\satya\.gradle\caches\8.13\md-rule)" [_thread_blocked, id=396, stack(0x0000000103e00000,0x0000000103f00000)]
  0x0000013e46d055d0 JavaThread "Cache worker for Build Output Cleanup Cache (E:\MERN\projects\astrology\node_modules\@react-native\gradle-plugin\.gradle\buildOutputCleanup)" [_thread_blocked, id=10588, stack(0x0000000103f00000,0x0000000104000000)]
  0x0000013e46d03260 JavaThread "Unconstrained build operations" [_thread_blocked, id=10580, stack(0x0000000104100000,0x0000000104200000)]
  0x0000013e46d06500 JavaThread "Unconstrained build operations Thread 2" [_thread_blocked, id=23576, stack(0x0000000104200000,0x0000000104300000)]
  0x0000013e46d00ef0 JavaThread "Unconstrained build operations Thread 3" [_thread_blocked, id=10680, stack(0x0000000104000000,0x0000000104100000)]
  0x0000013e46d01910 JavaThread "Unconstrained build operations Thread 4" [_thread_blocked, id=8368, stack(0x0000000104300000,0x0000000104400000)]
  0x0000013e46d01e20 JavaThread "Unconstrained build operations Thread 5" [_thread_blocked, id=26340, stack(0x0000000104400000,0x0000000104500000)]
  0x0000013e4414c570 JavaThread "Unconstrained build operations Thread 6" [_thread_blocked, id=24500, stack(0x0000000104500000,0x0000000104600000)]
  0x0000013e441525a0 JavaThread "Unconstrained build operations Thread 7" [_thread_blocked, id=6368, stack(0x0000000104700000,0x0000000104800000)]
  0x0000013e4414edf0 JavaThread "Unconstrained build operations Thread 8" [_thread_blocked, id=13688, stack(0x0000000104800000,0x0000000104900000)]
  0x0000013e44151b80 JavaThread "Unconstrained build operations Thread 9" [_thread_blocked, id=6560, stack(0x0000000104900000,0x0000000104a00000)]
  0x0000013e4414f300 JavaThread "Unconstrained build operations Thread 10" [_thread_blocked, id=20628, stack(0x0000000104a00000,0x0000000104b00000)]
  0x0000013e4414e8e0 JavaThread "Unconstrained build operations Thread 11" [_thread_blocked, id=18720, stack(0x0000000104b00000,0x0000000104c00000)]
  0x0000013e4414d9b0 JavaThread "Unconstrained build operations Thread 12" [_thread_blocked, id=3364, stack(0x0000000104c00000,0x0000000104d00000)]
  0x0000013e4414f810 JavaThread "Unconstrained build operations Thread 13" [_thread_blocked, id=15708, stack(0x0000000104d00000,0x0000000104e00000)]
  0x0000013e44150230 JavaThread "Unconstrained build operations Thread 14" [_thread_blocked, id=25664, stack(0x0000000104600000,0x0000000104700000)]
  0x0000013e44151160 JavaThread "Unconstrained build operations Thread 15" [_thread_blocked, id=15544, stack(0x0000000104e00000,0x0000000104f00000)]
  0x0000013e4414ca80 JavaThread "Unconstrained build operations Thread 16" [_thread_blocked, id=20720, stack(0x0000000104f00000,0x0000000105000000)]
  0x0000013e4414cf90 JavaThread "Unconstrained build operations Thread 17" [_thread_blocked, id=26400, stack(0x0000000105000000,0x0000000105100000)]
  0x0000013e4414fd20 JavaThread "Unconstrained build operations Thread 18" [_thread_blocked, id=11964, stack(0x0000000105100000,0x0000000105200000)]
  0x0000013e4414dec0 JavaThread "Unconstrained build operations Thread 19" [_thread_blocked, id=24860, stack(0x0000000105200000,0x0000000105300000)]
  0x0000013e4414b640 JavaThread "Unconstrained build operations Thread 20" [_thread_blocked, id=17592, stack(0x0000000105300000,0x0000000105400000)]
  0x0000013e4414bb50 JavaThread "Unconstrained build operations Thread 21" [_thread_blocked, id=25620, stack(0x0000000105400000,0x0000000105500000)]
  0x0000013e44152ab0 JavaThread "Unconstrained build operations Thread 22" [_thread_blocked, id=24376, stack(0x0000000105500000,0x0000000105600000)]
  0x0000013e44150740 JavaThread "Unconstrained build operations Thread 23" [_thread_blocked, id=25896, stack(0x0000000105600000,0x0000000105700000)]
  0x0000013e4414e3d0 JavaThread "Unconstrained build operations Thread 24" [_thread_blocked, id=18604, stack(0x0000000105700000,0x0000000105800000)]
  0x0000013e44150c50 JavaThread "Unconstrained build operations Thread 25" [_thread_blocked, id=15224, stack(0x0000000105800000,0x0000000105900000)]
  0x0000013e4414c060 JavaThread "Unconstrained build operations Thread 26" [_thread_blocked, id=6576, stack(0x0000000105900000,0x0000000105a00000)]
  0x0000013e44152090 JavaThread "Unconstrained build operations Thread 27" [_thread_blocked, id=16180, stack(0x0000000105a00000,0x0000000105b00000)]
  0x0000013e44152fc0 JavaThread "build event listener" [_thread_blocked, id=25200, stack(0x0000000105b00000,0x0000000105c00000)]
  0x0000013e4890b360 JavaThread "Memory manager" [_thread_blocked, id=26324, stack(0x0000000105d00000,0x0000000105e00000)]
  0x0000013e4890a940 JavaThread "ForkJoinPool.commonPool-worker-1" daemon [_thread_blocked, id=14348, stack(0x0000000105c00000,0x0000000105d00000)]
  0x0000013e48905d50 JavaThread "ForkJoinPool.commonPool-worker-2" daemon [_thread_blocked, id=9696, stack(0x0000000105e00000,0x0000000105f00000)]
  0x0000013e48909a10 JavaThread "ForkJoinPool.commonPool-worker-3" daemon [_thread_blocked, id=15644, stack(0x0000000105f00000,0x0000000106000000)]
  0x0000013e48905330 JavaThread "ForkJoinPool.commonPool-worker-4" daemon [_thread_blocked, id=19572, stack(0x0000000106000000,0x0000000106100000)]
  0x0000013e48904e20 JavaThread "Exec process" daemon [_thread_blocked, id=15064, stack(0x0000000106100000,0x0000000106200000)]
  0x0000013e48906260 JavaThread "ForkJoinPool.commonPool-worker-5" daemon [_thread_blocked, id=20676, stack(0x0000000106200000,0x0000000106300000)]
  0x0000013e4890ae50 JavaThread "Exec process Thread 2" daemon [_thread_blocked, id=19228, stack(0x0000000106300000,0x0000000106400000)]
  0x0000013e4890a430 JavaThread "Exec process Thread 3" daemon [_thread_blocked, id=15496, stack(0x0000000106400000,0x0000000106500000)]
  0x0000013e48908ae0 JavaThread "ForkJoinPool.commonPool-worker-6" daemon [_thread_blocked, id=1740, stack(0x0000000106500000,0x0000000106600000)]
  0x0000013e489080c0 JavaThread "included builds" [_thread_blocked, id=3712, stack(0x0000000106600000,0x0000000106700000)]
  0x0000013e489076a0 JavaThread "Execution worker" [_thread_blocked, id=24880, stack(0x0000000106700000,0x0000000106800000)]
  0x0000013e48906770 JavaThread "Execution worker Thread 2" [_thread_blocked, id=3440, stack(0x0000000106800000,0x0000000106900000)]
  0x0000013e48907bb0 JavaThread "Execution worker Thread 3" [_thread_blocked, id=23984, stack(0x0000000106900000,0x0000000106a00000)]
  0x0000013e489085d0 JavaThread "Execution worker Thread 4" [_thread_blocked, id=24008, stack(0x0000000106a00000,0x0000000106b00000)]
  0x0000013e48905840 JavaThread "Execution worker Thread 5" [_thread_blocked, id=9876, stack(0x0000000106b00000,0x0000000106c00000)]
  0x0000013e48908ff0 JavaThread "Execution worker Thread 6" [_thread_blocked, id=24744, stack(0x0000000106c00000,0x0000000106d00000)]
  0x0000013e48907190 JavaThread "Execution worker Thread 7" [_thread_blocked, id=16176, stack(0x0000000106d00000,0x0000000106e00000)]
  0x0000013e4890b870 JavaThread "Cache worker for execution history cache (E:\MERN\projects\astrology\node_modules\@react-native\gradle-plugin\.gradle\8.13\executionHistory)" [_thread_blocked, id=2116, stack(0x0000000106e00000,0x0000000106f00000)]
  0x0000013e48909500 JavaThread "Unconstrained build operations Thread 28" [_thread_blocked, id=26240, stack(0x0000000106f00000,0x0000000107000000)]
  0x0000013e48906c80 JavaThread "Unconstrained build operations Thread 29" [_thread_blocked, id=24684, stack(0x0000000107000000,0x0000000107100000)]
  0x0000013e48904400 JavaThread "Unconstrained build operations Thread 30" [_thread_blocked, id=16216, stack(0x0000000107100000,0x0000000107200000)]
  0x0000013e48904910 JavaThread "Unconstrained build operations Thread 31" [_thread_blocked, id=1824, stack(0x0000000107200000,0x0000000107300000)]
  0x0000013e444d7eb0 JavaThread "Unconstrained build operations Thread 32" [_thread_blocked, id=11568, stack(0x0000000107300000,0x0000000107400000)]
  0x0000013e444db660 JavaThread "Unconstrained build operations Thread 33" [_thread_blocked, id=26368, stack(0x0000000107400000,0x0000000107500000)]
  0x0000013e444d6a70 JavaThread "Unconstrained build operations Thread 34" [_thread_blocked, id=25976, stack(0x0000000107500000,0x0000000107600000)]
  0x0000013e444d7490 JavaThread "Unconstrained build operations Thread 35" [_thread_blocked, id=24668, stack(0x0000000107600000,0x0000000107700000)]
  0x0000013e444d9800 JavaThread "Unconstrained build operations Thread 36" [_thread_blocked, id=15672, stack(0x0000000107700000,0x0000000107800000)]
  0x0000013e444d5b40 JavaThread "Unconstrained build operations Thread 37" [_thread_blocked, id=23028, stack(0x0000000107800000,0x0000000107900000)]
  0x0000013e444d41f0 JavaThread "Unconstrained build operations Thread 38" [_thread_blocked, id=3648, stack(0x0000000107900000,0x0000000107a00000)]
  0x0000013e444da220 JavaThread "Unconstrained build operations Thread 39" [_thread_blocked, id=328, stack(0x0000000107a00000,0x0000000107b00000)]
  0x0000013e444d5630 JavaThread "Unconstrained build operations Thread 40" [_thread_blocked, id=6300, stack(0x0000000107b00000,0x0000000107c00000)]
  0x0000013e444d6050 JavaThread "Unconstrained build operations Thread 41" [_thread_blocked, id=5220, stack(0x0000000107c00000,0x0000000107d00000)]
  0x0000013e444d83c0 JavaThread "Unconstrained build operations Thread 42" [_thread_blocked, id=24936, stack(0x0000000107d00000,0x0000000107e00000)]
  0x0000013e444d88d0 JavaThread "Unconstrained build operations Thread 43" [_thread_blocked, id=5916, stack(0x0000000107e00000,0x0000000107f00000)]
  0x0000013e444d4c10 JavaThread "Unconstrained build operations Thread 44" [_thread_blocked, id=8028, stack(0x0000000107f00000,0x0000000108000000)]
  0x0000013e444dbb70 JavaThread "Unconstrained build operations Thread 45" [_thread_blocked, id=22352, stack(0x0000000108000000,0x0000000108100000)]
  0x0000013e444d4700 JavaThread "Unconstrained build operations Thread 46" [_thread_blocked, id=12420, stack(0x0000000108100000,0x0000000108200000)]
  0x0000013e444d79a0 JavaThread "Unconstrained build operations Thread 47" [_thread_blocked, id=25012, stack(0x0000000108200000,0x0000000108300000)]
  0x0000013e444d6560 JavaThread "Unconstrained build operations Thread 48" [_thread_blocked, id=3996, stack(0x0000000108300000,0x0000000108400000)]
  0x0000013e444d8de0 JavaThread "Unconstrained build operations Thread 49" [_thread_blocked, id=23056, stack(0x0000000108400000,0x0000000108500000)]
  0x0000013e444d92f0 JavaThread "Unconstrained build operations Thread 50" [_thread_blocked, id=10444, stack(0x0000000108500000,0x0000000108600000)]
  0x0000013e444d9d10 JavaThread "Unconstrained build operations Thread 51" [_thread_blocked, id=20244, stack(0x0000000108600000,0x0000000108700000)]
  0x0000013e444da730 JavaThread "Unconstrained build operations Thread 52" [_thread_blocked, id=20780, stack(0x0000000108700000,0x0000000108800000)]
  0x0000013e444dac40 JavaThread "Unconstrained build operations Thread 53" [_thread_blocked, id=8516, stack(0x0000000108800000,0x0000000108900000)]
  0x0000013e444db150 JavaThread "Unconstrained build operations Thread 54" [_thread_blocked, id=25872, stack(0x0000000108900000,0x0000000108a00000)]
  0x0000013e444d5120 JavaThread "Unconstrained build operations Thread 55" [_thread_blocked, id=26040, stack(0x0000000108a00000,0x0000000108b00000)]
  0x0000013e444d6f80 JavaThread "Unconstrained build operations Thread 56" [_thread_blocked, id=19064, stack(0x0000000108b00000,0x0000000108c00000)]
  0x0000013e470cba80 JavaThread "Unconstrained build operations Thread 57" [_thread_blocked, id=24096, stack(0x0000000108c00000,0x0000000108d00000)]
  0x0000013e470c5f60 JavaThread "Unconstrained build operations Thread 58" [_thread_blocked, id=25888, stack(0x0000000108d00000,0x0000000108e00000)]
  0x0000013e470c6980 JavaThread "Unconstrained build operations Thread 59" [_thread_blocked, id=23528, stack(0x0000000108e00000,0x0000000108f00000)]
  0x0000013e470ca640 JavaThread "Unconstrained build operations Thread 60" [_thread_blocked, id=3564, stack(0x0000000108f00000,0x0000000109000000)]
  0x0000013e470c78b0 JavaThread "Unconstrained build operations Thread 61" [_thread_blocked, id=13124, stack(0x0000000109000000,0x0000000109100000)]
  0x0000013e470c5030 JavaThread "Unconstrained build operations Thread 62" [_thread_blocked, id=23312, stack(0x0000000109100000,0x0000000109200000)]
  0x0000013e470cbf90 JavaThread "Unconstrained build operations Thread 63" [_thread_blocked, id=22632, stack(0x0000000109200000,0x0000000109300000)]
  0x0000013e470cc4a0 JavaThread "Unconstrained build operations Thread 64" [_thread_blocked, id=16656, stack(0x0000000109300000,0x0000000109400000)]
  0x0000013e470c6e90 JavaThread "Unconstrained build operations Thread 65" [_thread_blocked, id=3296, stack(0x0000000109400000,0x0000000109500000)]
  0x0000013e470cc9b0 JavaThread "Unconstrained build operations Thread 66" [_thread_blocked, id=9520, stack(0x0000000109500000,0x0000000109600000)]
  0x0000013e470c9c20 JavaThread "Unconstrained build operations Thread 67" [_thread_blocked, id=25520, stack(0x0000000109600000,0x0000000109700000)]
  0x0000013e470c73a0 JavaThread "Unconstrained build operations Thread 68" [_thread_blocked, id=23348, stack(0x0000000109700000,0x0000000109800000)]
  0x0000013e470c5540 JavaThread "Unconstrained build operations Thread 69" [_thread_blocked, id=24772, stack(0x0000000109800000,0x0000000109900000)]
  0x0000013e470c5a50 JavaThread "Unconstrained build operations Thread 70" [_thread_blocked, id=16432, stack(0x0000000109900000,0x0000000109a00000)]
  0x0000013e470cab50 JavaThread "Unconstrained build operations Thread 71" [_thread_blocked, id=12764, stack(0x0000000109a00000,0x0000000109b00000)]
  0x0000013e470cb060 JavaThread "Unconstrained build operations Thread 72" [_thread_blocked, id=26308, stack(0x0000000109b00000,0x0000000109c00000)]
  0x0000013e470ca130 JavaThread "Unconstrained build operations Thread 73" [_thread_blocked, id=12164, stack(0x0000000109c00000,0x0000000109d00000)]
  0x0000013e470c6470 JavaThread "Unconstrained build operations Thread 74" [_thread_blocked, id=25180, stack(0x0000000109d00000,0x0000000109e00000)]
  0x0000013e470c7dc0 JavaThread "Unconstrained build operations Thread 75" [_thread_blocked, id=26172, stack(0x0000000109e00000,0x0000000109f00000)]
  0x0000013e470c82d0 JavaThread "Unconstrained build operations Thread 76" [_thread_blocked, id=2160, stack(0x0000000109f00000,0x000000010a000000)]
  0x0000013e470cb570 JavaThread "Unconstrained build operations Thread 77" [_thread_blocked, id=4020, stack(0x000000010a000000,0x000000010a100000)]
  0x0000013e470c8cf0 JavaThread "Unconstrained build operations Thread 78" [_thread_blocked, id=25832, stack(0x000000010a100000,0x000000010a200000)]
  0x0000013e470c9200 JavaThread "Unconstrained build operations Thread 79" [_thread_blocked, id=21268, stack(0x000000010a200000,0x000000010a300000)]
  0x0000013e470c9710 JavaThread "Unconstrained build operations Thread 80" [_thread_blocked, id=26556, stack(0x000000010a300000,0x000000010a400000)]

Other Threads:
=>0x0000013e2450a740 VMThread "VM Thread" [stack: 0x0000000100c00000,0x0000000100d00000] [id=12924]
  0x0000013e247da640 WatcherThread [stack: 0x0000000101900000,0x0000000101a00000] [id=6124]
  0x0000013e04d29c10 GCTaskThread "GC Thread#0" [stack: 0x0000000100700000,0x0000000100800000] [id=19192]
  0x0000013e4403cef0 GCTaskThread "GC Thread#1" [stack: 0x0000000101b00000,0x0000000101c00000] [id=8020]
  0x0000013e447560a0 GCTaskThread "GC Thread#2" [stack: 0x0000000101c00000,0x0000000101d00000] [id=20120]
  0x0000013e44756360 GCTaskThread "GC Thread#3" [stack: 0x0000000101d00000,0x0000000101e00000] [id=17344]
  0x0000013e44756620 GCTaskThread "GC Thread#4" [stack: 0x0000000101e00000,0x0000000101f00000] [id=25748]
  0x0000013e443208f0 GCTaskThread "GC Thread#5" [stack: 0x0000000101f00000,0x0000000102000000] [id=23836]
  0x0000013e44320bb0 GCTaskThread "GC Thread#6" [stack: 0x0000000102000000,0x0000000102100000] [id=6364]
  0x0000013e4465bfe0 GCTaskThread "GC Thread#7" [stack: 0x0000000102100000,0x0000000102200000] [id=26396]
  0x0000013e04d3ab60 ConcurrentGCThread "G1 Main Marker" [stack: 0x0000000100800000,0x0000000100900000] [id=6832]
  0x0000013e04d3c590 ConcurrentGCThread "G1 Conc#0" [stack: 0x0000000100900000,0x0000000100a00000] [id=25456]
  0x0000013e480b4b80 ConcurrentGCThread "G1 Conc#1" [stack: 0x0000000103100000,0x0000000103200000] [id=6016]
  0x0000013e24442a50 ConcurrentGCThread "G1 Refine#0" [stack: 0x0000000100a00000,0x0000000100b00000] [id=15124]
  0x0000013e04d7e2a0 ConcurrentGCThread "G1 Service" [stack: 0x0000000100b00000,0x0000000100c00000] [id=9600]

Threads with active compile tasks:
C2 CompilerThread0    30027 11842       4       com.esotericsoftware.kryo.io.Output::writeUtf8Length (405 bytes)

VM state: at safepoint (normal execution)

VM Mutex/Monitor currently owned by a thread:  ([mutex/lock_event])
[0x0000013e04cc7960] Threads_lock - owner thread: 0x0000013e2450a740
[0x0000013e04cc73c0] Heap_lock - owner thread: 0x0000013e4414c060

Heap address: 0x0000000080000000, size: 2048 MB, Compressed Oops mode: 32-bit

CDS archive(s) mapped at: [0x0000013e25000000-0x0000013e25bc0000-0x0000013e25bc0000), size 12320768, SharedBaseAddress: 0x0000013e25000000, ArchiveRelocationMode: 1.
Compressed class space mapped at: 0x0000013e26000000-0x0000013e40000000, reserved size: 436207616
Narrow klass base: 0x0000013e25000000, Narrow klass shift: 0, Narrow klass range: 0x100000000

GC Precious Log:
 CPUs: 8 total, 8 available
 Memory: 24359M
 Large Page Support: Disabled
 NUMA Support: Disabled
 Compressed Oops: Enabled (32-bit)
 Heap Region Size: 1M
 Heap Min Capacity: 8M
 Heap Initial Capacity: 382M
 Heap Max Capacity: 2G
 Pre-touch: Disabled
 Parallel Workers: 8
 Concurrent Workers: 2
 Concurrent Refinement Workers: 8
 Periodic GC: Disabled

Heap:
 garbage-first heap   total 164864K, used 97915K [0x0000000080000000, 0x0000000100000000)
  region size 1024K, 3 young (3072K), 3 survivors (3072K)
 Metaspace       used 76819K, committed 77824K, reserved 557056K
  class space    used 10787K, committed 11264K, reserved 425984K

Heap Regions: E=young(eden), S=young(survivor), O=old, HS=humongous(starts), HC=humongous(continues), CS=collection set, F=free, OA=open archive, CA=closed archive, TAMS=top-at-mark-start (previous, next)
|   0|0x0000000080000000, 0x0000000080100000, 0x0000000080100000|100%|HS|  |TAMS 0x0000000080100000, 0x0000000080000000| Complete 
|   1|0x0000000080100000, 0x0000000080200000, 0x0000000080200000|100%|HC|  |TAMS 0x0000000080200000, 0x0000000080100000| Complete 
|   2|0x0000000080200000, 0x0000000080300000, 0x0000000080300000|100%|HC|  |TAMS 0x0000000080300000, 0x0000000080200000| Complete 
|   3|0x0000000080300000, 0x0000000080400000, 0x0000000080400000|100%| O|  |TAMS 0x0000000080400000, 0x0000000080300000| Untracked 
|   4|0x0000000080400000, 0x0000000080500000, 0x0000000080500000|100%| O|  |TAMS 0x0000000080500000, 0x0000000080400000| Untracked 
|   5|0x0000000080500000, 0x0000000080600000, 0x0000000080600000|100%| O|  |TAMS 0x0000000080600000, 0x0000000080500000| Untracked 
|   6|0x0000000080600000, 0x0000000080700000, 0x0000000080700000|100%| O|  |TAMS 0x0000000080700000, 0x0000000080600000| Untracked 
|   7|0x0000000080700000, 0x0000000080800000, 0x0000000080800000|100%|HS|  |TAMS 0x0000000080800000, 0x0000000080700000| Complete 
|   8|0x0000000080800000, 0x0000000080900000, 0x0000000080900000|100%| O|  |TAMS 0x0000000080900000, 0x0000000080800000| Untracked 
|   9|0x0000000080900000, 0x0000000080a00000, 0x0000000080a00000|100%| O|  |TAMS 0x0000000080a00000, 0x0000000080900000| Untracked 
|  10|0x0000000080a00000, 0x0000000080b00000, 0x0000000080b00000|100%| O|  |TAMS 0x0000000080b00000, 0x0000000080a00000| Untracked 
|  11|0x0000000080b00000, 0x0000000080c00000, 0x0000000080c00000|100%| O|  |TAMS 0x0000000080c00000, 0x0000000080b00000| Untracked 
|  12|0x0000000080c00000, 0x0000000080d00000, 0x0000000080d00000|100%| O|  |TAMS 0x0000000080d00000, 0x0000000080c00000| Untracked 
|  13|0x0000000080d00000, 0x0000000080e00000, 0x0000000080e00000|100%| O|  |TAMS 0x0000000080e00000, 0x0000000080d00000| Untracked 
|  14|0x0000000080e00000, 0x0000000080f00000, 0x0000000080f00000|100%| O|  |TAMS 0x0000000080f00000, 0x0000000080e00000| Untracked 
|  15|0x0000000080f00000, 0x0000000081000000, 0x0000000081000000|100%| O|  |TAMS 0x0000000081000000, 0x0000000080f00000| Untracked 
|  16|0x0000000081000000, 0x0000000081100000, 0x0000000081100000|100%| O|  |TAMS 0x0000000081100000, 0x0000000081000000| Untracked 
|  17|0x0000000081100000, 0x0000000081200000, 0x0000000081200000|100%| O|  |TAMS 0x0000000081200000, 0x0000000081100000| Untracked 
|  18|0x0000000081200000, 0x0000000081300000, 0x0000000081300000|100%| O|  |TAMS 0x0000000081300000, 0x0000000081200000| Untracked 
|  19|0x0000000081300000, 0x0000000081400000, 0x0000000081400000|100%| O|  |TAMS 0x0000000081400000, 0x0000000081300000| Untracked 
|  20|0x0000000081400000, 0x0000000081500000, 0x0000000081500000|100%| O|  |TAMS 0x0000000081500000, 0x0000000081400000| Untracked 
|  21|0x0000000081500000, 0x0000000081600000, 0x0000000081600000|100%| O|  |TAMS 0x0000000081600000, 0x0000000081500000| Untracked 
|  22|0x0000000081600000, 0x0000000081700000, 0x0000000081700000|100%| O|  |TAMS 0x0000000081700000, 0x0000000081600000| Untracked 
|  23|0x0000000081700000, 0x0000000081800000, 0x0000000081800000|100%| O|  |TAMS 0x0000000081800000, 0x0000000081700000| Untracked 
|  24|0x0000000081800000, 0x0000000081900000, 0x0000000081900000|100%| O|  |TAMS 0x0000000081900000, 0x0000000081800000| Untracked 
|  25|0x0000000081900000, 0x0000000081a00000, 0x0000000081a00000|100%| O|  |TAMS 0x0000000081a00000, 0x0000000081900000| Untracked 
|  26|0x0000000081a00000, 0x0000000081b00000, 0x0000000081b00000|100%| O|  |TAMS 0x0000000081b00000, 0x0000000081a00000| Untracked 
|  27|0x0000000081b00000, 0x0000000081c00000, 0x0000000081c00000|100%| O|  |TAMS 0x0000000081c00000, 0x0000000081b00000| Untracked 
|  28|0x0000000081c00000, 0x0000000081d00000, 0x0000000081d00000|100%| O|  |TAMS 0x0000000081d00000, 0x0000000081c00000| Untracked 
|  29|0x0000000081d00000, 0x0000000081e00000, 0x0000000081e00000|100%| O|  |TAMS 0x0000000081e00000, 0x0000000081d00000| Untracked 
|  30|0x0000000081e00000, 0x0000000081f00000, 0x0000000081f00000|100%| O|  |TAMS 0x0000000081f00000, 0x0000000081e00000| Untracked 
|  31|0x0000000081f00000, 0x0000000082000000, 0x0000000082000000|100%| O|  |TAMS 0x0000000082000000, 0x0000000081f00000| Untracked 
|  32|0x0000000082000000, 0x0000000082100000, 0x0000000082100000|100%| O|  |TAMS 0x0000000082100000, 0x0000000082000000| Untracked 
|  33|0x0000000082100000, 0x0000000082200000, 0x0000000082200000|100%| O|  |TAMS 0x0000000082200000, 0x0000000082100000| Untracked 
|  34|0x0000000082200000, 0x0000000082300000, 0x0000000082300000|100%| O|  |TAMS 0x0000000082300000, 0x0000000082200000| Untracked 
|  35|0x0000000082300000, 0x0000000082400000, 0x0000000082400000|100%| O|  |TAMS 0x0000000082400000, 0x0000000082300000| Untracked 
|  36|0x0000000082400000, 0x0000000082500000, 0x0000000082500000|100%| O|  |TAMS 0x0000000082500000, 0x0000000082400000| Untracked 
|  37|0x0000000082500000, 0x0000000082600000, 0x0000000082600000|100%| O|  |TAMS 0x0000000082600000, 0x0000000082500000| Untracked 
|  38|0x0000000082600000, 0x0000000082700000, 0x0000000082700000|100%| O|  |TAMS 0x0000000082700000, 0x0000000082600000| Untracked 
|  39|0x0000000082700000, 0x0000000082800000, 0x0000000082800000|100%| O|  |TAMS 0x0000000082800000, 0x0000000082700000| Untracked 
|  40|0x0000000082800000, 0x0000000082900000, 0x0000000082900000|100%| O|  |TAMS 0x0000000082900000, 0x0000000082800000| Untracked 
|  41|0x0000000082900000, 0x0000000082a00000, 0x0000000082a00000|100%| O|  |TAMS 0x0000000082a00000, 0x0000000082900000| Untracked 
|  42|0x0000000082a00000, 0x0000000082b00000, 0x0000000082b00000|100%| O|  |TAMS 0x0000000082b00000, 0x0000000082a00000| Untracked 
|  43|0x0000000082b00000, 0x0000000082c00000, 0x0000000082c00000|100%| O|  |TAMS 0x0000000082c00000, 0x0000000082b00000| Untracked 
|  44|0x0000000082c00000, 0x0000000082d00000, 0x0000000082d00000|100%| O|  |TAMS 0x0000000082d00000, 0x0000000082c00000| Untracked 
|  45|0x0000000082d00000, 0x0000000082e00000, 0x0000000082e00000|100%| O|  |TAMS 0x0000000082d00000, 0x0000000082d00000| Untracked 
|  46|0x0000000082e00000, 0x0000000082f00000, 0x0000000082f00000|100%| O|  |TAMS 0x0000000082f00000, 0x0000000082e00000| Untracked 
|  47|0x0000000082f00000, 0x0000000083000000, 0x0000000083000000|100%| O|  |TAMS 0x0000000082f00000, 0x0000000082f00000| Untracked 
|  48|0x0000000083000000, 0x0000000083100000, 0x0000000083100000|100%| O|  |TAMS 0x0000000083025800, 0x0000000083000000| Untracked 
|  49|0x0000000083100000, 0x0000000083200000, 0x0000000083200000|100%|HS|  |TAMS 0x0000000083200000, 0x0000000083100000| Complete 
|  50|0x0000000083200000, 0x0000000083300000, 0x0000000083300000|100%|HC|  |TAMS 0x0000000083300000, 0x0000000083200000| Complete 
|  51|0x0000000083300000, 0x0000000083400000, 0x0000000083400000|100%|HS|  |TAMS 0x0000000083400000, 0x0000000083300000| Complete 
|  52|0x0000000083400000, 0x0000000083500000, 0x0000000083500000|100%|HC|  |TAMS 0x0000000083500000, 0x0000000083400000| Complete 
|  53|0x0000000083500000, 0x0000000083600000, 0x0000000083600000|100%|HC|  |TAMS 0x0000000083600000, 0x0000000083500000| Complete 
|  54|0x0000000083600000, 0x0000000083700000, 0x0000000083700000|100%| O|  |TAMS 0x0000000083700000, 0x0000000083600000| Untracked 
|  55|0x0000000083700000, 0x0000000083800000, 0x0000000083800000|100%|HS|  |TAMS 0x0000000083800000, 0x0000000083700000| Complete 
|  56|0x0000000083800000, 0x0000000083900000, 0x0000000083900000|100%|HC|  |TAMS 0x0000000083900000, 0x0000000083800000| Complete 
|  57|0x0000000083900000, 0x0000000083a00000, 0x0000000083a00000|100%| O|  |TAMS 0x0000000083a00000, 0x0000000083900000| Untracked 
|  58|0x0000000083a00000, 0x0000000083b00000, 0x0000000083b00000|100%| O|  |TAMS 0x0000000083a00000, 0x0000000083a00000| Untracked 
|  59|0x0000000083b00000, 0x0000000083c00000, 0x0000000083c00000|100%| O|  |TAMS 0x0000000083c00000, 0x0000000083b00000| Untracked 
|  60|0x0000000083c00000, 0x0000000083d00000, 0x0000000083d00000|100%| O|  |TAMS 0x0000000083d00000, 0x0000000083c00000| Untracked 
|  61|0x0000000083d00000, 0x0000000083e00000, 0x0000000083e00000|100%| O|  |TAMS 0x0000000083e00000, 0x0000000083d00000| Untracked 
|  62|0x0000000083e00000, 0x0000000083f00000, 0x0000000083f00000|100%|HS|  |TAMS 0x0000000083f00000, 0x0000000083e00000| Complete 
|  63|0x0000000083f00000, 0x0000000084000000, 0x0000000084000000|100%|HC|  |TAMS 0x0000000084000000, 0x0000000083f00000| Complete 
|  64|0x0000000084000000, 0x0000000084100000, 0x0000000084100000|100%|HC|  |TAMS 0x0000000084100000, 0x0000000084000000| Complete 
|  65|0x0000000084100000, 0x0000000084200000, 0x0000000084200000|100%| O|  |TAMS 0x0000000084100000, 0x0000000084100000| Untracked 
|  66|0x0000000084200000, 0x0000000084300000, 0x0000000084300000|100%| O|  |TAMS 0x0000000084200000, 0x0000000084200000| Untracked 
|  67|0x0000000084300000, 0x0000000084400000, 0x0000000084400000|100%| O|  |TAMS 0x0000000084300000, 0x0000000084300000| Untracked 
|  68|0x0000000084400000, 0x0000000084500000, 0x0000000084500000|100%| O|  |TAMS 0x0000000084400000, 0x0000000084400000| Untracked 
|  69|0x0000000084500000, 0x0000000084600000, 0x0000000084600000|100%| O|  |TAMS 0x0000000084500000, 0x0000000084500000| Untracked 
|  70|0x0000000084600000, 0x0000000084700000, 0x0000000084700000|100%| O|  |TAMS 0x0000000084600000, 0x0000000084600000| Untracked 
|  71|0x0000000084700000, 0x0000000084800000, 0x0000000084800000|100%| O|  |TAMS 0x0000000084700000, 0x0000000084700000| Untracked 
|  72|0x0000000084800000, 0x0000000084900000, 0x0000000084900000|100%| O|  |TAMS 0x0000000084800000, 0x0000000084800000| Untracked 
|  73|0x0000000084900000, 0x0000000084a00000, 0x0000000084a00000|100%| O|  |TAMS 0x0000000084900000, 0x0000000084900000| Untracked 
|  74|0x0000000084a00000, 0x0000000084b00000, 0x0000000084b00000|100%| O|  |TAMS 0x0000000084a00000, 0x0000000084a00000| Untracked 
|  75|0x0000000084b00000, 0x0000000084c00000, 0x0000000084c00000|100%| O|  |TAMS 0x0000000084b00000, 0x0000000084b00000| Untracked 
|  76|0x0000000084c00000, 0x0000000084d00000, 0x0000000084d00000|100%| O|  |TAMS 0x0000000084c00000, 0x0000000084c00000| Untracked 
|  77|0x0000000084d00000, 0x0000000084e00000, 0x0000000084e00000|100%| O|  |TAMS 0x0000000084d00000, 0x0000000084d00000| Untracked 
|  78|0x0000000084e00000, 0x0000000084f00000, 0x0000000084f00000|100%| O|  |TAMS 0x0000000084e00000, 0x0000000084e00000| Untracked 
|  79|0x0000000084f00000, 0x0000000085000000, 0x0000000085000000|100%| O|  |TAMS 0x0000000084f00000, 0x0000000084f00000| Untracked 
|  80|0x0000000085000000, 0x0000000085100000, 0x0000000085100000|100%| O|  |TAMS 0x0000000085000000, 0x0000000085000000| Untracked 
|  81|0x0000000085100000, 0x0000000085200000, 0x0000000085200000|100%| O|  |TAMS 0x0000000085100000, 0x0000000085100000| Untracked 
|  82|0x0000000085200000, 0x0000000085300000, 0x0000000085300000|100%| O|  |TAMS 0x0000000085200000, 0x0000000085200000| Untracked 
|  83|0x0000000085300000, 0x0000000085400000, 0x0000000085400000|100%| O|  |TAMS 0x0000000085300000, 0x0000000085300000| Untracked 
|  84|0x0000000085400000, 0x0000000085500000, 0x0000000085500000|100%| O|  |TAMS 0x0000000085400000, 0x0000000085400000| Untracked 
|  85|0x0000000085500000, 0x0000000085600000, 0x0000000085600000|100%| O|  |TAMS 0x0000000085500000, 0x0000000085500000| Untracked 
|  86|0x0000000085600000, 0x0000000085700000, 0x0000000085700000|100%| O|  |TAMS 0x0000000085600000, 0x0000000085600000| Untracked 
|  87|0x0000000085700000, 0x0000000085800000, 0x0000000085800000|100%| O|  |TAMS 0x0000000085700000, 0x0000000085700000| Untracked 
|  88|0x0000000085800000, 0x0000000085900000, 0x0000000085900000|100%| O|  |TAMS 0x0000000085800000, 0x0000000085800000| Untracked 
|  89|0x0000000085900000, 0x0000000085a00000, 0x0000000085a00000|100%| O|  |TAMS 0x0000000085900000, 0x0000000085900000| Untracked 
|  90|0x0000000085a00000, 0x0000000085b00000, 0x0000000085b00000|100%| O|  |TAMS 0x0000000085a00000, 0x0000000085a00000| Untracked 
|  91|0x0000000085b00000, 0x0000000085c00000, 0x0000000085c00000|100%| O|  |TAMS 0x0000000085b00000, 0x0000000085b00000| Untracked 
|  92|0x0000000085c00000, 0x0000000085cc9c00, 0x0000000085d00000| 78%| O|  |TAMS 0x0000000085c00000, 0x0000000085c00000| Untracked 
|  93|0x0000000085d00000, 0x0000000085d00000, 0x0000000085e00000|  0%| F|  |TAMS 0x0000000085d00000, 0x0000000085d00000| Untracked 
|  94|0x0000000085e00000, 0x0000000085e00000, 0x0000000085f00000|  0%| F|  |TAMS 0x0000000085e00000, 0x0000000085e00000| Untracked 
|  95|0x0000000085f00000, 0x0000000085f00000, 0x0000000086000000|  0%| F|  |TAMS 0x0000000085f00000, 0x0000000085f00000| Untracked 
|  96|0x0000000086000000, 0x0000000086000000, 0x0000000086100000|  0%| F|  |TAMS 0x0000000086000000, 0x0000000086000000| Untracked 
|  97|0x0000000086100000, 0x0000000086100000, 0x0000000086200000|  0%| F|  |TAMS 0x0000000086100000, 0x0000000086100000| Untracked 
|  98|0x0000000086200000, 0x0000000086200000, 0x0000000086300000|  0%| F|  |TAMS 0x0000000086200000, 0x0000000086200000| Untracked 
|  99|0x0000000086300000, 0x0000000086300000, 0x0000000086400000|  0%| F|  |TAMS 0x0000000086300000, 0x0000000086300000| Untracked 
| 100|0x0000000086400000, 0x0000000086400000, 0x0000000086500000|  0%| F|  |TAMS 0x0000000086400000, 0x0000000086400000| Untracked 
| 101|0x0000000086500000, 0x0000000086500000, 0x0000000086600000|  0%| F|  |TAMS 0x0000000086500000, 0x0000000086500000| Untracked 
| 102|0x0000000086600000, 0x0000000086600000, 0x0000000086700000|  0%| F|  |TAMS 0x0000000086600000, 0x0000000086600000| Untracked 
| 103|0x0000000086700000, 0x0000000086700000, 0x0000000086800000|  0%| F|  |TAMS 0x0000000086700000, 0x0000000086700000| Untracked 
| 104|0x0000000086800000, 0x0000000086800000, 0x0000000086900000|  0%| F|  |TAMS 0x0000000086800000, 0x0000000086800000| Untracked 
| 105|0x0000000086900000, 0x0000000086900000, 0x0000000086a00000|  0%| F|  |TAMS 0x0000000086900000, 0x0000000086900000| Untracked 
| 106|0x0000000086a00000, 0x0000000086a00000, 0x0000000086b00000|  0%| F|  |TAMS 0x0000000086a00000, 0x0000000086a00000| Untracked 
| 107|0x0000000086b00000, 0x0000000086b00000, 0x0000000086c00000|  0%| F|  |TAMS 0x0000000086b00000, 0x0000000086b00000| Untracked 
| 108|0x0000000086c00000, 0x0000000086c00000, 0x0000000086d00000|  0%| F|  |TAMS 0x0000000086c00000, 0x0000000086c00000| Untracked 
| 109|0x0000000086d00000, 0x0000000086d00000, 0x0000000086e00000|  0%| F|  |TAMS 0x0000000086d00000, 0x0000000086d00000| Untracked 
| 110|0x0000000086e00000, 0x0000000086e00000, 0x0000000086f00000|  0%| F|  |TAMS 0x0000000086e00000, 0x0000000086e00000| Untracked 
| 111|0x0000000086f00000, 0x0000000086f00000, 0x0000000087000000|  0%| F|  |TAMS 0x0000000086f00000, 0x0000000086f00000| Untracked 
| 112|0x0000000087000000, 0x0000000087000000, 0x0000000087100000|  0%| F|  |TAMS 0x0000000087000000, 0x0000000087000000| Untracked 
| 113|0x0000000087100000, 0x0000000087100000, 0x0000000087200000|  0%| F|  |TAMS 0x0000000087100000, 0x0000000087100000| Untracked 
| 114|0x0000000087200000, 0x0000000087200000, 0x0000000087300000|  0%| F|  |TAMS 0x0000000087200000, 0x0000000087200000| Untracked 
| 115|0x0000000087300000, 0x0000000087300000, 0x0000000087400000|  0%| F|  |TAMS 0x0000000087300000, 0x0000000087300000| Untracked 
| 116|0x0000000087400000, 0x0000000087400000, 0x0000000087500000|  0%| F|  |TAMS 0x0000000087400000, 0x0000000087400000| Untracked 
| 117|0x0000000087500000, 0x0000000087500000, 0x0000000087600000|  0%| F|  |TAMS 0x0000000087500000, 0x0000000087500000| Untracked 
| 118|0x0000000087600000, 0x0000000087600000, 0x0000000087700000|  0%| F|  |TAMS 0x0000000087600000, 0x0000000087600000| Untracked 
| 119|0x0000000087700000, 0x00000000877d5090, 0x0000000087800000| 83%| S|CS|TAMS 0x0000000087700000, 0x0000000087700000| Complete 
| 120|0x0000000087800000, 0x0000000087900000, 0x0000000087900000|100%| S|CS|TAMS 0x0000000087800000, 0x0000000087800000| Complete 
| 121|0x0000000087900000, 0x0000000087a00000, 0x0000000087a00000|100%| S|CS|TAMS 0x0000000087900000, 0x0000000087900000| Complete 
| 122|0x0000000087a00000, 0x0000000087a00000, 0x0000000087b00000|  0%| F|  |TAMS 0x0000000087a00000, 0x0000000087a00000| Untracked 
| 123|0x0000000087b00000, 0x0000000087b00000, 0x0000000087c00000|  0%| F|  |TAMS 0x0000000087b00000, 0x0000000087b00000| Untracked 
| 124|0x0000000087c00000, 0x0000000087c00000, 0x0000000087d00000|  0%| F|  |TAMS 0x0000000087c00000, 0x0000000087c00000| Untracked 
| 125|0x0000000087d00000, 0x0000000087d00000, 0x0000000087e00000|  0%| F|  |TAMS 0x0000000087d00000, 0x0000000087d00000| Untracked 
| 126|0x0000000087e00000, 0x0000000087e00000, 0x0000000087f00000|  0%| F|  |TAMS 0x0000000087e00000, 0x0000000087e00000| Untracked 
| 127|0x0000000087f00000, 0x0000000087f00000, 0x0000000088000000|  0%| F|  |TAMS 0x0000000087f00000, 0x0000000087f00000| Untracked 
| 128|0x0000000088000000, 0x0000000088000000, 0x0000000088100000|  0%| F|  |TAMS 0x0000000088000000, 0x0000000088000000| Untracked 
| 129|0x0000000088100000, 0x0000000088100000, 0x0000000088200000|  0%| F|  |TAMS 0x0000000088100000, 0x0000000088100000| Untracked 
| 130|0x0000000088200000, 0x0000000088200000, 0x0000000088300000|  0%| F|  |TAMS 0x0000000088200000, 0x0000000088200000| Untracked 
| 131|0x0000000088300000, 0x0000000088300000, 0x0000000088400000|  0%| F|  |TAMS 0x0000000088300000, 0x0000000088300000| Untracked 
| 132|0x0000000088400000, 0x0000000088400000, 0x0000000088500000|  0%| F|  |TAMS 0x0000000088400000, 0x0000000088400000| Untracked 
| 133|0x0000000088500000, 0x0000000088500000, 0x0000000088600000|  0%| F|  |TAMS 0x0000000088500000, 0x0000000088500000| Untracked 
| 134|0x0000000088600000, 0x0000000088600000, 0x0000000088700000|  0%| F|  |TAMS 0x0000000088600000, 0x0000000088600000| Untracked 
| 135|0x0000000088700000, 0x0000000088700000, 0x0000000088800000|  0%| F|  |TAMS 0x0000000088700000, 0x0000000088700000| Untracked 
| 136|0x0000000088800000, 0x0000000088800000, 0x0000000088900000|  0%| F|  |TAMS 0x0000000088800000, 0x0000000088800000| Untracked 
| 137|0x0000000088900000, 0x0000000088900000, 0x0000000088a00000|  0%| F|  |TAMS 0x0000000088900000, 0x0000000088900000| Untracked 
| 138|0x0000000088a00000, 0x0000000088a00000, 0x0000000088b00000|  0%| F|  |TAMS 0x0000000088a00000, 0x0000000088a00000| Untracked 
| 139|0x0000000088b00000, 0x0000000088b00000, 0x0000000088c00000|  0%| F|  |TAMS 0x0000000088b00000, 0x0000000088b00000| Untracked 
| 140|0x0000000088c00000, 0x0000000088c00000, 0x0000000088d00000|  0%| F|  |TAMS 0x0000000088c00000, 0x0000000088c00000| Untracked 
| 141|0x0000000088d00000, 0x0000000088d00000, 0x0000000088e00000|  0%| F|  |TAMS 0x0000000088d00000, 0x0000000088d00000| Untracked 
| 142|0x0000000088e00000, 0x0000000088e00000, 0x0000000088f00000|  0%| F|  |TAMS 0x0000000088e00000, 0x0000000088e00000| Untracked 
| 143|0x0000000088f00000, 0x0000000088f00000, 0x0000000089000000|  0%| F|  |TAMS 0x0000000088f00000, 0x0000000088f00000| Untracked 
| 144|0x0000000089000000, 0x0000000089000000, 0x0000000089100000|  0%| F|  |TAMS 0x0000000089000000, 0x0000000089000000| Untracked 
| 145|0x0000000089100000, 0x0000000089100000, 0x0000000089200000|  0%| F|  |TAMS 0x0000000089100000, 0x0000000089100000| Untracked 
| 146|0x0000000089200000, 0x0000000089200000, 0x0000000089300000|  0%| F|  |TAMS 0x0000000089200000, 0x0000000089200000| Untracked 
| 147|0x0000000089300000, 0x0000000089300000, 0x0000000089400000|  0%| F|  |TAMS 0x0000000089300000, 0x0000000089300000| Untracked 
| 263|0x0000000090700000, 0x0000000090700000, 0x0000000090800000|  0%| F|  |TAMS 0x0000000090700000, 0x0000000090700000| Untracked 
| 264|0x0000000090800000, 0x0000000090800000, 0x0000000090900000|  0%| F|  |TAMS 0x0000000090800000, 0x0000000090800000| Untracked 
| 265|0x0000000090900000, 0x0000000090900000, 0x0000000090a00000|  0%| F|  |TAMS 0x0000000090900000, 0x0000000090900000| Untracked 
| 266|0x0000000090a00000, 0x0000000090a00000, 0x0000000090b00000|  0%| F|  |TAMS 0x0000000090a00000, 0x0000000090a00000| Untracked 
| 267|0x0000000090b00000, 0x0000000090b00000, 0x0000000090c00000|  0%| F|  |TAMS 0x0000000090b00000, 0x0000000090b00000| Untracked 
| 268|0x0000000090c00000, 0x0000000090c00000, 0x0000000090d00000|  0%| F|  |TAMS 0x0000000090c00000, 0x0000000090c00000| Untracked 
| 269|0x0000000090d00000, 0x0000000090d00000, 0x0000000090e00000|  0%| F|  |TAMS 0x0000000090d00000, 0x0000000090d00000| Untracked 
| 270|0x0000000090e00000, 0x0000000090e00000, 0x0000000090f00000|  0%| F|  |TAMS 0x0000000090e00000, 0x0000000090e00000| Untracked 
| 271|0x0000000090f00000, 0x0000000090f00000, 0x0000000091000000|  0%| F|  |TAMS 0x0000000090f00000, 0x0000000090f00000| Untracked 
| 272|0x0000000091000000, 0x0000000091000000, 0x0000000091100000|  0%| F|  |TAMS 0x0000000091000000, 0x0000000091000000| Untracked 
| 273|0x0000000091100000, 0x0000000091100000, 0x0000000091200000|  0%| F|  |TAMS 0x0000000091100000, 0x0000000091100000| Untracked 
| 274|0x0000000091200000, 0x0000000091200000, 0x0000000091300000|  0%| F|  |TAMS 0x0000000091200000, 0x0000000091200000| Untracked 
| 381|0x0000000097d00000, 0x0000000097d00000, 0x0000000097e00000|  0%| F|  |TAMS 0x0000000097d00000, 0x0000000097d00000| Untracked 

Card table byte_map: [0x0000013e1d2d0000,0x0000013e1d6d0000] _byte_map_base: 0x0000013e1ced0000

Marking Bits (Prev, Next): (CMBitMap*) 0x0000013e04d2a230, (CMBitMap*) 0x0000013e04d2a270
 Prev Bits: [0x0000013e1dad0000, 0x0000013e1fad0000)
 Next Bits: [0x0000013e1fad0000, 0x0000013e21ad0000)

Polling page: 0x0000013e02c70000

Metaspace:

Usage:
  Non-class:     64.48 MB used.
      Class:     10.53 MB used.
       Both:     75.02 MB used.

Virtual space:
  Non-class space:      128.00 MB reserved,      65.00 MB ( 51%) committed,  2 nodes.
      Class space:      416.00 MB reserved,      11.00 MB (  3%) committed,  1 nodes.
             Both:      544.00 MB reserved,      76.00 MB ( 14%) committed. 

Chunk freelists:
   Non-Class:  14.14 MB
       Class:  5.03 MB
        Both:  19.17 MB

MaxMetaspaceSize: 512.00 MB
CompressedClassSpaceSize: 416.00 MB
Initial GC threshold: 21.00 MB
Current GC threshold: 109.50 MB
CDS: on
MetaspaceReclaimPolicy: balanced
 - commit_granule_bytes: 65536.
 - commit_granule_words: 8192.
 - virtual_space_node_default_size: 8388608.
 - enlarge_chunks_in_place: 1.
 - new_chunks_are_fully_committed: 0.
 - uncommit_free_chunks: 1.
 - use_allocation_guard: 0.
 - handle_deallocations: 1.


Internal statistics:

num_allocs_failed_limit: 6.
num_arena_births: 1354.
num_arena_deaths: 0.
num_vsnodes_births: 3.
num_vsnodes_deaths: 0.
num_space_committed: 1216.
num_space_uncommitted: 0.
num_chunks_returned_to_freelist: 6.
num_chunks_taken_from_freelist: 4875.
num_chunk_merges: 6.
num_chunk_splits: 3004.
num_chunks_enlarged: 1768.
num_inconsistent_stats: 0.

CodeHeap 'non-profiled nmethods': size=120000Kb used=6144Kb max_used=6318Kb free=113855Kb
 bounds [0x0000013e15660000, 0x0000013e15c90000, 0x0000013e1cb90000]
CodeHeap 'profiled nmethods': size=120000Kb used=19628Kb max_used=19890Kb free=100371Kb
 bounds [0x0000013e0db90000, 0x0000013e0ef00000, 0x0000013e150c0000]
CodeHeap 'non-nmethods': size=5760Kb used=2398Kb max_used=2448Kb free=3361Kb
 bounds [0x0000013e150c0000, 0x0000013e15340000, 0x0000013e15660000]
 total_blobs=11178 nmethods=10261 adapters=829
 compilation: enabled
              stopped_count=0, restarted_count=0
 full_count=0

Compilation events (20 events):
Event: 29.921 Thread 0x0000013e245258c0 nmethod 11836 0x0000013e15947910 code [0x0000013e15947aa0, 0x0000013e15947b78]
Event: 29.921 Thread 0x0000013e245258c0 11833       4       org.gradle.internal.time.DefaultCountdownTimer::hasExpired (15 bytes)
Event: 29.922 Thread 0x0000013e24526370 11841       3       com.google.common.cache.LongAdder::add (108 bytes)
Event: 29.922 Thread 0x0000013e24526370 nmethod 11841 0x0000013e0e526710 code [0x0000013e0e526900, 0x0000013e0e526eb8]
Event: 29.923 Thread 0x0000013e245258c0 nmethod 11833 0x0000013e15947390 code [0x0000013e15947520, 0x0000013e159476f8]
Event: 29.923 Thread 0x0000013e245258c0 11838       4       org.gradle.internal.operations.DefaultBuildOperationListenerManager$1::progress (47 bytes)
Event: 29.928 Thread 0x0000013e245258c0 nmethod 11838 0x0000013e15946490 code [0x0000013e15946660, 0x0000013e15946c88]
Event: 29.928 Thread 0x0000013e245258c0 11839       4       java.util.TimSort::sort (229 bytes)
Event: 29.982 Thread 0x0000013e245258c0 nmethod 11839 0x0000013e15941b10 code [0x0000013e15941d80, 0x0000013e15944e08]
Event: 29.983 Thread 0x0000013e245258c0 11843       4       com.google.common.collect.ImmutableSortedMap::get (27 bytes)
Event: 29.988 Thread 0x0000013e245258c0 nmethod 11843 0x0000013e1596e410 code [0x0000013e1596e5e0, 0x0000013e1596eaf8]
Event: 29.988 Thread 0x0000013e245258c0 11846       4       com.google.common.collect.MapMakerInternalMap$WeakKeyDummyValueEntry$Helper::setValue (17 bytes)
Event: 29.988 Thread 0x0000013e245258c0 nmethod 11846 0x0000013e1596df90 code [0x0000013e1596e120, 0x0000013e1596e278]
Event: 29.989 Thread 0x0000013e245258c0 11847       4       com.google.common.collect.MapMakerInternalMap$WeakKeyDummyValueEntry$Helper::newEntry (16 bytes)
Event: 29.992 Thread 0x0000013e245258c0 nmethod 11847 0x0000013e1596d790 code [0x0000013e1596d920, 0x0000013e1596de18]
Event: 29.992 Thread 0x0000013e245258c0 11845       4       java.nio.CharBuffer::arrayOffset (35 bytes)
Event: 29.993 Thread 0x0000013e245258c0 nmethod 11845 0x0000013e1596d490 code [0x0000013e1596d600, 0x0000013e1596d6b8]
Event: 29.993 Thread 0x0000013e245258c0 11844       4       com.google.common.cache.Striped64::casBase (13 bytes)
Event: 29.993 Thread 0x0000013e245258c0 nmethod 11844 0x0000013e1596d190 code [0x0000013e1596d300, 0x0000013e1596d398]
Event: 29.993 Thread 0x0000013e245258c0 11842       4       com.esotericsoftware.kryo.io.Output::writeUtf8Length (405 bytes)

GC Heap History (20 events):
Event: 20.265 GC heap after
{Heap after GC invocations=34 (full 0):
 garbage-first heap   total 164864K, used 64814K [0x0000000080000000, 0x0000000100000000)
  region size 1024K, 2 young (2048K), 2 survivors (2048K)
 Metaspace       used 66440K, committed 67200K, reserved 491520K
  class space    used 9345K, committed 9728K, reserved 425984K
}
Event: 21.211 GC heap before
{Heap before GC invocations=35 (full 0):
 garbage-first heap   total 164864K, used 125230K [0x0000000080000000, 0x0000000100000000)
  region size 1024K, 61 young (62464K), 2 survivors (2048K)
 Metaspace       used 68370K, committed 69248K, reserved 491520K
  class space    used 9619K, committed 10048K, reserved 425984K
}
Event: 21.215 GC heap after
{Heap after GC invocations=36 (full 0):
 garbage-first heap   total 164864K, used 69988K [0x0000000080000000, 0x0000000100000000)
  region size 1024K, 7 young (7168K), 7 survivors (7168K)
 Metaspace       used 68370K, committed 69248K, reserved 491520K
  class space    used 9619K, committed 10048K, reserved 425984K
}
Event: 21.222 GC heap before
{Heap before GC invocations=36 (full 0):
 garbage-first heap   total 164864K, used 69988K [0x0000000080000000, 0x0000000100000000)
  region size 1024K, 8 young (8192K), 7 survivors (7168K)
 Metaspace       used 68371K, committed 69248K, reserved 491520K
  class space    used 9619K, committed 10048K, reserved 425984K
}
Event: 21.225 GC heap after
{Heap after GC invocations=37 (full 0):
 garbage-first heap   total 164864K, used 69374K [0x0000000080000000, 0x0000000100000000)
  region size 1024K, 1 young (1024K), 1 survivors (1024K)
 Metaspace       used 68371K, committed 69248K, reserved 491520K
  class space    used 9619K, committed 10048K, reserved 425984K
}
Event: 25.877 GC heap before
{Heap before GC invocations=37 (full 0):
 garbage-first heap   total 164864K, used 127742K [0x0000000080000000, 0x0000000100000000)
  region size 1024K, 58 young (59392K), 1 survivors (1024K)
 Metaspace       used 71694K, committed 72640K, reserved 491520K
  class space    used 10076K, committed 10560K, reserved 425984K
}
Event: 25.881 GC heap after
{Heap after GC invocations=38 (full 0):
 garbage-first heap   total 164864K, used 71726K [0x0000000080000000, 0x0000000100000000)
  region size 1024K, 4 young (4096K), 4 survivors (4096K)
 Metaspace       used 71694K, committed 72640K, reserved 491520K
  class space    used 10076K, committed 10560K, reserved 425984K
}
Event: 27.783 GC heap before
{Heap before GC invocations=38 (full 0):
 garbage-first heap   total 164864K, used 129070K [0x0000000080000000, 0x0000000100000000)
  region size 1024K, 60 young (61440K), 4 survivors (4096K)
 Metaspace       used 74895K, committed 75840K, reserved 491520K
  class space    used 10612K, committed 11072K, reserved 425984K
}
Event: 27.792 GC heap after
{Heap after GC invocations=39 (full 0):
 garbage-first heap   total 164864K, used 80833K [0x0000000080000000, 0x0000000100000000)
  region size 1024K, 8 young (8192K), 8 survivors (8192K)
 Metaspace       used 74895K, committed 75840K, reserved 491520K
  class space    used 10612K, committed 11072K, reserved 425984K
}
Event: 28.670 GC heap before
{Heap before GC invocations=39 (full 0):
 garbage-first heap   total 164864K, used 127937K [0x0000000080000000, 0x0000000100000000)
  region size 1024K, 55 young (56320K), 8 survivors (8192K)
 Metaspace       used 76385K, committed 77376K, reserved 557056K
  class space    used 10782K, committed 11264K, reserved 425984K
}
Event: 28.678 GC heap after
{Heap after GC invocations=40 (full 0):
 garbage-first heap   total 164864K, used 88730K [0x0000000080000000, 0x0000000100000000)
  region size 1024K, 7 young (7168K), 7 survivors (7168K)
 Metaspace       used 76385K, committed 77376K, reserved 557056K
  class space    used 10782K, committed 11264K, reserved 425984K
}
Event: 29.380 GC heap before
{Heap before GC invocations=40 (full 0):
 garbage-first heap   total 164864K, used 128666K [0x0000000080000000, 0x0000000100000000)
  region size 1024K, 47 young (48128K), 7 survivors (7168K)
 Metaspace       used 76748K, committed 77760K, reserved 557056K
  class space    used 10787K, committed 11264K, reserved 425984K
}
Event: 29.387 GC heap after
{Heap after GC invocations=41 (full 0):
 garbage-first heap   total 164864K, used 94386K [0x0000000080000000, 0x0000000100000000)
  region size 1024K, 6 young (6144K), 6 survivors (6144K)
 Metaspace       used 76748K, committed 77760K, reserved 557056K
  class space    used 10787K, committed 11264K, reserved 425984K
}
Event: 29.590 GC heap before
{Heap before GC invocations=41 (full 0):
 garbage-first heap   total 164864K, used 129202K [0x0000000080000000, 0x0000000100000000)
  region size 1024K, 41 young (41984K), 6 survivors (6144K)
 Metaspace       used 76804K, committed 77824K, reserved 557056K
  class space    used 10787K, committed 11264K, reserved 425984K
}
Event: 29.594 GC heap after
{Heap after GC invocations=42 (full 0):
 garbage-first heap   total 164864K, used 95977K [0x0000000080000000, 0x0000000100000000)
  region size 1024K, 4 young (4096K), 4 survivors (4096K)
 Metaspace       used 76804K, committed 77824K, reserved 557056K
  class space    used 10787K, committed 11264K, reserved 425984K
}
Event: 29.746 GC heap before
{Heap before GC invocations=42 (full 0):
 garbage-first heap   total 164864K, used 130793K [0x0000000080000000, 0x0000000100000000)
  region size 1024K, 39 young (39936K), 4 survivors (4096K)
 Metaspace       used 76815K, committed 77824K, reserved 557056K
  class space    used 10787K, committed 11264K, reserved 425984K
}
Event: 29.749 GC heap after
{Heap after GC invocations=43 (full 0):
 garbage-first heap   total 164864K, used 96470K [0x0000000080000000, 0x0000000100000000)
  region size 1024K, 3 young (3072K), 3 survivors (3072K)
 Metaspace       used 76815K, committed 77824K, reserved 557056K
  class space    used 10787K, committed 11264K, reserved 425984K
}
Event: 29.885 GC heap before
{Heap before GC invocations=43 (full 0):
 garbage-first heap   total 164864K, used 133334K [0x0000000080000000, 0x0000000100000000)
  region size 1024K, 39 young (39936K), 3 survivors (3072K)
 Metaspace       used 76818K, committed 77824K, reserved 557056K
  class space    used 10787K, committed 11264K, reserved 425984K
}
Event: 29.887 GC heap after
{Heap after GC invocations=44 (full 0):
 garbage-first heap   total 164864K, used 97418K [0x0000000080000000, 0x0000000100000000)
  region size 1024K, 3 young (3072K), 3 survivors (3072K)
 Metaspace       used 76818K, committed 77824K, reserved 557056K
  class space    used 10787K, committed 11264K, reserved 425984K
}
Event: 29.996 GC heap before
{Heap before GC invocations=44 (full 0):
 garbage-first heap   total 164864K, used 134282K [0x0000000080000000, 0x0000000100000000)
  region size 1024K, 39 young (39936K), 3 survivors (3072K)
 Metaspace       used 76819K, committed 77824K, reserved 557056K
  class space    used 10787K, committed 11264K, reserved 425984K
}

Dll operation events (15 events):
Event: 0.010 Loaded shared library C:\Program Files\OpenLogic\jdk-17.0.14.7-hotspot\bin\java.dll
Event: 0.028 Loaded shared library C:\Program Files\OpenLogic\jdk-17.0.14.7-hotspot\bin\jsvml.dll
Event: 0.066 Loaded shared library C:\Program Files\OpenLogic\jdk-17.0.14.7-hotspot\bin\zip.dll
Event: 0.067 Loaded shared library C:\Program Files\OpenLogic\jdk-17.0.14.7-hotspot\bin\instrument.dll
Event: 0.072 Loaded shared library C:\Program Files\OpenLogic\jdk-17.0.14.7-hotspot\bin\net.dll
Event: 0.073 Loaded shared library C:\Program Files\OpenLogic\jdk-17.0.14.7-hotspot\bin\nio.dll
Event: 0.075 Loaded shared library C:\Program Files\OpenLogic\jdk-17.0.14.7-hotspot\bin\zip.dll
Event: 0.308 Loaded shared library C:\Program Files\OpenLogic\jdk-17.0.14.7-hotspot\bin\jimage.dll
Event: 0.437 Loaded shared library C:\Program Files\OpenLogic\jdk-17.0.14.7-hotspot\bin\verify.dll
Event: 0.529 Loaded shared library C:\Users\satya\.gradle\native\1def1411415f61bf3af743bc5b6707747c0891f09f0c88961ee8f79bc544acac\windows-amd64\native-platform.dll
Event: 0.545 Loaded shared library C:\Users\satya\.gradle\native\0.2.7\x86_64-windows-gnu\gradle-fileevents.dll
Event: 1.523 Loaded shared library C:\Program Files\OpenLogic\jdk-17.0.14.7-hotspot\bin\management.dll
Event: 1.525 Loaded shared library C:\Program Files\OpenLogic\jdk-17.0.14.7-hotspot\bin\management_ext.dll
Event: 1.824 Loaded shared library C:\Program Files\OpenLogic\jdk-17.0.14.7-hotspot\bin\extnet.dll
Event: 1.979 Loaded shared library C:\Program Files\OpenLogic\jdk-17.0.14.7-hotspot\bin\sunmscapi.dll

Deoptimization events (20 events):
Event: 29.549 Thread 0x0000013e4414c060 DEOPT PACKING pc=0x0000013e15c13eb4 sp=0x00000001059fdd20
Event: 29.549 Thread 0x0000013e4414c060 DEOPT UNPACKING pc=0x0000013e1511a1a3 sp=0x00000001059fdc78 mode 2
Event: 29.549 Thread 0x0000013e444d6a70 Uncommon trap: trap_request=0xffffff45 fr.pc=0x0000013e15882a6c relative=0x000000000000172c
Event: 29.550 Thread 0x0000013e48909500 DEOPT PACKING pc=0x0000013e15c13eb4 sp=0x0000000106ffe2f0
Event: 29.550 Thread 0x0000013e48909500 DEOPT UNPACKING pc=0x0000013e1511a1a3 sp=0x0000000106ffe248 mode 2
Event: 29.550 Thread 0x0000013e444d6a70 Uncommon trap: reason=unstable_if action=reinterpret pc=0x0000013e15882a6c method=java.util.concurrent.ConcurrentHashMap.addCount(JI)V @ 171 c2
Event: 29.553 Thread 0x0000013e444d6a70 DEOPT PACKING pc=0x0000013e15882a6c sp=0x00000001075fdd40
Event: 29.553 Thread 0x0000013e444d6a70 DEOPT UNPACKING pc=0x0000013e1511a1a3 sp=0x00000001075fdc00 mode 2
Event: 29.861 Thread 0x0000013e48909500 Uncommon trap: trap_request=0xffffff45 fr.pc=0x0000013e159e65d8 relative=0x0000000000000318
Event: 29.861 Thread 0x0000013e48909500 Uncommon trap: reason=unstable_if action=reinterpret pc=0x0000013e159e65d8 method=java.util.concurrent.ConcurrentHashMap.addCount(JI)V @ 171 c2
Event: 29.861 Thread 0x0000013e48909500 DEOPT PACKING pc=0x0000013e159e65d8 sp=0x0000000106ffe350
Event: 29.861 Thread 0x0000013e48909500 DEOPT UNPACKING pc=0x0000013e1511a1a3 sp=0x0000000106ffe290 mode 2
Event: 29.917 Thread 0x0000013e48904910 Uncommon trap: trap_request=0xffffff45 fr.pc=0x0000013e15b3da94 relative=0x0000000000000094
Event: 29.917 Thread 0x0000013e48904910 Uncommon trap: reason=unstable_if action=reinterpret pc=0x0000013e15b3da94 method=com.google.common.cache.LongAdder.add(J)V @ 24 c2
Event: 29.917 Thread 0x0000013e48904910 DEOPT PACKING pc=0x0000013e15b3da94 sp=0x00000001072fbf80
Event: 29.917 Thread 0x0000013e48904910 DEOPT UNPACKING pc=0x0000013e1511a1a3 sp=0x00000001072fbec0 mode 2
Event: 29.982 Thread 0x0000013e4414c060 Uncommon trap: trap_request=0xffffff76 fr.pc=0x0000013e159443d0 relative=0x0000000000002650
Event: 29.982 Thread 0x0000013e4414c060 Uncommon trap: reason=predicate action=maybe_recompile pc=0x0000013e159443d0 method=java.util.TimSort.reverseRange([Ljava/lang/Object;II)V @ 5 c2
Event: 29.982 Thread 0x0000013e4414c060 DEOPT PACKING pc=0x0000013e159443d0 sp=0x00000001059fd320
Event: 29.982 Thread 0x0000013e4414c060 DEOPT UNPACKING pc=0x0000013e1511a1a3 sp=0x00000001059fd200 mode 2

Classes loaded (20 events):
Event: 27.998 Loading class java/util/concurrent/atomic/AtomicIntegerArray
Event: 27.998 Loading class java/util/concurrent/atomic/AtomicIntegerArray done
Event: 27.999 Loading class java/util/Currency
Event: 28.001 Loading class java/util/Currency done
Event: 28.006 Loading class java/util/concurrent/atomic/AtomicLongArray
Event: 28.006 Loading class java/util/concurrent/atomic/AtomicLongArray done
Event: 28.028 Loading class sun/reflect/generics/repository/FieldRepository
Event: 28.029 Loading class sun/reflect/generics/repository/FieldRepository done
Event: 28.037 Loading class jdk/internal/vm/annotation/ForceInline
Event: 28.037 Loading class jdk/internal/vm/annotation/ForceInline done
Event: 28.047 Loading class java/util/AbstractMap$2
Event: 28.048 Loading class java/util/AbstractMap$2 done
Event: 28.048 Loading class java/util/AbstractMap$2$1
Event: 28.049 Loading class java/util/AbstractMap$2$1 done
Event: 28.661 Loading class java/util/Collections$ReverseComparator
Event: 28.661 Loading class java/util/Collections$ReverseComparator done
Event: 28.661 Loading class java/util/Collections$ReverseComparator2
Event: 28.662 Loading class java/util/Collections$ReverseComparator2 done
Event: 29.129 Loading class jdk/internal/misc/ScopedMemoryAccess$Scope$Handle
Event: 29.130 Loading class jdk/internal/misc/ScopedMemoryAccess$Scope$Handle done

Classes unloaded (0 events):
No events

Classes redefined (0 events):
No events

Internal exceptions (20 events):
Event: 28.271 Thread 0x0000013e45f9c070 Exception <a 'java/lang/ClassNotFoundException'{0x000000008809c740}: org/gradle/api/internal/project/ProjectScriptCustomizer> (0x000000008809c740) 
thrown [s\src\hotspot\share\classfile\systemDictionary.cpp, line 256]
Event: 28.272 Thread 0x0000013e45f9c070 Exception <a 'java/lang/ClassNotFoundException'{0x00000000880b53c0}: build_e8155atw1p1la2a30wkcavowgCustomizer> (0x00000000880b53c0) 
thrown [s\src\hotspot\share\classfile\systemDictionary.cpp, line 256]
Event: 28.329 Thread 0x0000013e45f9c070 Exception <a 'java/lang/ClassNotFoundException'{0x0000000087cecd28}: org/gradle/api/internal/artifacts/dsl/DefaultRepositoryHandler_DecoratedBeanInfo> (0x0000000087cecd28) 
thrown [s\src\hotspot\share\classfile\systemDictionary.cpp, line 256]
Event: 28.330 Thread 0x0000013e45f9c070 Exception <a 'java/lang/ClassNotFoundException'{0x0000000087b05b90}: org/gradle/api/internal/artifacts/dsl/DefaultRepositoryHandlerBeanInfo> (0x0000000087b05b90) 
thrown [s\src\hotspot\share\classfile\systemDictionary.cpp, line 256]
Event: 28.330 Thread 0x0000013e45f9c070 Exception <a 'java/lang/ClassNotFoundException'{0x0000000087b1f3d0}: org/gradle/api/internal/artifacts/DefaultArtifactRepositoryContainerBeanInfo> (0x0000000087b1f3d0) 
thrown [s\src\hotspot\share\classfile\systemDictionary.cpp, line 256]
Event: 28.331 Thread 0x0000013e45f9c070 Exception <a 'java/lang/ClassNotFoundException'{0x0000000087b36318}: org/gradle/api/internal/DefaultNamedDomainObjectListBeanInfo> (0x0000000087b36318) 
thrown [s\src\hotspot\share\classfile\systemDictionary.cpp, line 256]
Event: 28.332 Thread 0x0000013e45f9c070 Exception <a 'java/lang/ClassNotFoundException'{0x0000000087b4df08}: org/gradle/api/internal/DefaultNamedDomainObjectCollectionBeanInfo> (0x0000000087b4df08) 
thrown [s\src\hotspot\share\classfile\systemDictionary.cpp, line 256]
Event: 28.332 Thread 0x0000013e45f9c070 Exception <a 'java/lang/ClassNotFoundException'{0x0000000087b65308}: org/gradle/api/internal/DefaultNamedDomainObjectCollectionCustomizer> (0x0000000087b65308) 
thrown [s\src\hotspot\share\classfile\systemDictionary.cpp, line 256]
Event: 28.337 Thread 0x0000013e45f9c070 Exception <a 'java/lang/ClassNotFoundException'{0x0000000087bb23f8}: org/gradle/api/internal/DefaultNamedDomainObjectListCustomizer> (0x0000000087bb23f8) 
thrown [s\src\hotspot\share\classfile\systemDictionary.cpp, line 256]
Event: 28.338 Thread 0x0000013e45f9c070 Exception <a 'java/lang/ClassNotFoundException'{0x0000000087bfb370}: org/gradle/api/internal/artifacts/DefaultArtifactRepositoryContainerCustomizer> (0x0000000087bfb370) 
thrown [s\src\hotspot\share\classfile\systemDictionary.cpp, line 256]
Event: 28.340 Thread 0x0000013e45f9c070 Exception <a 'java/lang/ClassNotFoundException'{0x0000000087a3dce8}: org/gradle/api/internal/artifacts/dsl/DefaultRepositoryHandlerCustomizer> (0x0000000087a3dce8) 
thrown [s\src\hotspot\share\classfile\systemDictionary.cpp, line 256]
Event: 28.342 Thread 0x0000013e45f9c070 Exception <a 'java/lang/ClassNotFoundException'{0x0000000087a92048}: org/gradle/api/internal/artifacts/dsl/DefaultRepositoryHandler_DecoratedCustomizer> (0x0000000087a92048) 
thrown [s\src\hotspot\share\classfile\systemDictionary.cpp, line 256]
Event: 28.357 Thread 0x0000013e45f9c070 Exception <a 'java/lang/ClassNotFoundException'{0x0000000087942798}: org/gradle/api/internal/artifacts/dsl/dependencies/DefaultDependencyHandler_DecoratedBeanInfo> (0x0000000087942798) 
thrown [s\src\hotspot\share\classfile\systemDictionary.cpp, line 256]
Event: 28.357 Thread 0x0000013e45f9c070 Exception <a 'java/lang/ClassNotFoundException'{0x000000008795bbb8}: org/gradle/api/internal/artifacts/dsl/dependencies/DefaultDependencyHandlerBeanInfo> (0x000000008795bbb8) 
thrown [s\src\hotspot\share\classfile\systemDictionary.cpp, line 256]
Event: 28.358 Thread 0x0000013e45f9c070 Exception <a 'java/lang/ClassNotFoundException'{0x0000000087974f98}: org/gradle/api/internal/artifacts/dsl/dependencies/DefaultDependencyHandlerCustomizer> (0x0000000087974f98) 
thrown [s\src\hotspot\share\classfile\systemDictionary.cpp, line 256]
Event: 28.360 Thread 0x0000013e45f9c070 Exception <a 'java/lang/ClassNotFoundException'{0x00000000879c1900}: org/gradle/api/internal/artifacts/dsl/dependencies/DefaultDependencyHandler_DecoratedCustomizer> (0x00000000879c1900) 
thrown [s\src\hotspot\share\classfile\systemDictionary.cpp, line 256]
Event: 29.040 Thread 0x0000013e48907190 Exception <a 'sun/nio/fs/WindowsException'{0x0000000088f5b0a8}> (0x0000000088f5b0a8) 
thrown [s\src\hotspot\share\prims\jni.cpp, line 516]
Event: 29.040 Thread 0x0000013e48907190 Exception <a 'sun/nio/fs/WindowsException'{0x0000000088f67f48}> (0x0000000088f67f48) 
thrown [s\src\hotspot\share\prims\jni.cpp, line 516]
Event: 29.041 Thread 0x0000013e48907190 Exception <a 'sun/nio/fs/WindowsException'{0x0000000088f6a400}> (0x0000000088f6a400) 
thrown [s\src\hotspot\share\prims\jni.cpp, line 516]
Event: 29.041 Thread 0x0000013e48907190 Exception <a 'sun/nio/fs/WindowsException'{0x0000000088f6c530}> (0x0000000088f6c530) 
thrown [s\src\hotspot\share\prims\jni.cpp, line 516]

VM Operations (20 events):
Event: 28.577 Executing VM operation: ICBufferFull done
Event: 28.653 Executing VM operation: HandshakeAllThreads
Event: 28.654 Executing VM operation: HandshakeAllThreads done
Event: 28.670 Executing VM operation: G1CollectForAllocation
Event: 28.678 Executing VM operation: G1CollectForAllocation done
Event: 28.684 Executing VM operation: HandshakeAllThreads
Event: 28.685 Executing VM operation: HandshakeAllThreads done
Event: 28.797 Executing VM operation: ICBufferFull
Event: 28.797 Executing VM operation: ICBufferFull done
Event: 29.045 Executing VM operation: ICBufferFull
Event: 29.045 Executing VM operation: ICBufferFull done
Event: 29.380 Executing VM operation: G1CollectForAllocation
Event: 29.387 Executing VM operation: G1CollectForAllocation done
Event: 29.590 Executing VM operation: G1CollectForAllocation
Event: 29.594 Executing VM operation: G1CollectForAllocation done
Event: 29.746 Executing VM operation: G1CollectForAllocation
Event: 29.749 Executing VM operation: G1CollectForAllocation done
Event: 29.884 Executing VM operation: G1CollectForAllocation
Event: 29.887 Executing VM operation: G1CollectForAllocation done
Event: 29.996 Executing VM operation: G1CollectForAllocation

Memory protections (0 events):
No events

Nmethod flushes (20 events):
Event: 28.695 Thread 0x0000013e24539b10 flushing  nmethod 0x0000013e0e928e10
Event: 28.695 Thread 0x0000013e24539b10 flushing  nmethod 0x0000013e0e931c10
Event: 28.695 Thread 0x0000013e24539b10 flushing  nmethod 0x0000013e0e996490
Event: 28.695 Thread 0x0000013e24539b10 flushing  nmethod 0x0000013e0e9a4c90
Event: 28.695 Thread 0x0000013e24539b10 flushing  nmethod 0x0000013e0e9b4510
Event: 28.695 Thread 0x0000013e24539b10 flushing  nmethod 0x0000013e0e9ce810
Event: 28.695 Thread 0x0000013e24539b10 flushing  nmethod 0x0000013e0e9df210
Event: 28.696 Thread 0x0000013e24539b10 flushing  nmethod 0x0000013e0ea81410
Event: 28.696 Thread 0x0000013e24539b10 flushing  nmethod 0x0000013e0eabb710
Event: 28.696 Thread 0x0000013e24539b10 flushing  nmethod 0x0000013e0eabe210
Event: 28.696 Thread 0x0000013e24539b10 flushing  nmethod 0x0000013e0eaf1490
Event: 28.696 Thread 0x0000013e24539b10 flushing  nmethod 0x0000013e0eb4cf10
Event: 28.696 Thread 0x0000013e24539b10 flushing  nmethod 0x0000013e0eb4d390
Event: 28.696 Thread 0x0000013e24539b10 flushing  nmethod 0x0000013e0eb56710
Event: 28.696 Thread 0x0000013e24539b10 flushing  nmethod 0x0000013e0eb5b490
Event: 28.696 Thread 0x0000013e24539b10 flushing  nmethod 0x0000013e0eb82410
Event: 28.696 Thread 0x0000013e24539b10 flushing  nmethod 0x0000013e0ebfe510
Event: 28.697 Thread 0x0000013e24539b10 flushing  nmethod 0x0000013e0ec0cd10
Event: 28.697 Thread 0x0000013e24539b10 flushing  nmethod 0x0000013e0ec5e510
Event: 28.698 Thread 0x0000013e24539b10 flushing  nmethod 0x0000013e0edfbe90

Events (20 events):
Event: 27.720 Thread 0x0000013e45f9c070 Thread added: 0x0000013e470c78b0
Event: 27.720 Thread 0x0000013e45f9c070 Thread added: 0x0000013e470c5030
Event: 27.720 Thread 0x0000013e45f9c070 Thread added: 0x0000013e470cbf90
Event: 27.748 Thread 0x0000013e45f9c070 Thread added: 0x0000013e470cc4a0
Event: 27.749 Thread 0x0000013e45f9c070 Thread added: 0x0000013e470c6e90
Event: 27.750 Thread 0x0000013e45f9c070 Thread added: 0x0000013e470cc9b0
Event: 27.751 Thread 0x0000013e45f9c070 Thread added: 0x0000013e470c9c20
Event: 27.752 Thread 0x0000013e45f9c070 Thread added: 0x0000013e470c73a0
Event: 27.752 Thread 0x0000013e45f9c070 Thread added: 0x0000013e470c5540
Event: 27.753 Thread 0x0000013e45f9c070 Thread added: 0x0000013e470c5a50
Event: 27.803 Thread 0x0000013e45f9c070 Thread added: 0x0000013e470cab50
Event: 27.803 Thread 0x0000013e45f9c070 Thread added: 0x0000013e470cb060
Event: 27.805 Thread 0x0000013e45f9c070 Thread added: 0x0000013e470ca130
Event: 27.806 Thread 0x0000013e45f9c070 Thread added: 0x0000013e470c6470
Event: 27.806 Thread 0x0000013e45f9c070 Thread added: 0x0000013e470c7dc0
Event: 27.807 Thread 0x0000013e45f9c070 Thread added: 0x0000013e470c82d0
Event: 27.808 Thread 0x0000013e45f9c070 Thread added: 0x0000013e470cb570
Event: 28.948 Thread 0x0000013e48907190 Thread added: 0x0000013e470c8cf0
Event: 28.948 Thread 0x0000013e48907190 Thread added: 0x0000013e470c9200
Event: 28.948 Thread 0x0000013e48907190 Thread added: 0x0000013e470c9710


Dynamic libraries:
0x00007ff6f2fa0000 - 0x00007ff6f2fae000 	C:\Program Files\OpenLogic\jdk-17.0.14.7-hotspot\bin\java.exe
0x00007ff896f10000 - 0x00007ff897127000 	C:\WINDOWS\SYSTEM32\ntdll.dll
0x00007ff8966e0000 - 0x00007ff8967a4000 	C:\WINDOWS\System32\KERNEL32.DLL
0x00007ff8941c0000 - 0x00007ff894592000 	C:\WINDOWS\System32\KERNELBASE.dll
0x00007ff8947b0000 - 0x00007ff8948c1000 	C:\WINDOWS\System32\ucrtbase.dll
0x00007ff88b5c0000 - 0x00007ff88b5d7000 	C:\Program Files\OpenLogic\jdk-17.0.14.7-hotspot\bin\jli.dll
0x00007ff88b3d0000 - 0x00007ff88b3eb000 	C:\Program Files\OpenLogic\jdk-17.0.14.7-hotspot\bin\VCRUNTIME140.dll
0x00007ff895640000 - 0x00007ff8957f1000 	C:\WINDOWS\System32\USER32.dll
0x00007ff894b70000 - 0x00007ff894b96000 	C:\WINDOWS\System32\win32u.dll
0x00007ff878a30000 - 0x00007ff878ccb000 	C:\WINDOWS\WinSxS\amd64_microsoft.windows.common-controls_6595b64144ccf1df_6.0.22621.5547_none_27104afb73855772\COMCTL32.dll
0x00007ff896b70000 - 0x00007ff896b99000 	C:\WINDOWS\System32\GDI32.dll
0x00007ff896e20000 - 0x00007ff896ec7000 	C:\WINDOWS\System32\msvcrt.dll
0x00007ff8948d0000 - 0x00007ff8949f3000 	C:\WINDOWS\System32\gdi32full.dll
0x00007ff8945a0000 - 0x00007ff89463a000 	C:\WINDOWS\System32\msvcp_win.dll
0x00007ff894c80000 - 0x00007ff894cb1000 	C:\WINDOWS\System32\IMM32.DLL
0x00007ff88e1b0000 - 0x00007ff88e1bc000 	C:\Program Files\OpenLogic\jdk-17.0.14.7-hotspot\bin\vcruntime140_1.dll
0x00007ff88b340000 - 0x00007ff88b3cd000 	C:\Program Files\OpenLogic\jdk-17.0.14.7-hotspot\bin\msvcp140.dll
0x00007fffcfc80000 - 0x00007fffd08ec000 	C:\Program Files\OpenLogic\jdk-17.0.14.7-hotspot\bin\server\jvm.dll
0x00007ff894cc0000 - 0x00007ff894d71000 	C:\WINDOWS\System32\ADVAPI32.dll
0x00007ff894ba0000 - 0x00007ff894c48000 	C:\WINDOWS\System32\sechost.dll
0x00007ff894780000 - 0x00007ff8947a8000 	C:\WINDOWS\System32\bcrypt.dll
0x00007ff894e80000 - 0x00007ff894f94000 	C:\WINDOWS\System32\RPCRT4.dll
0x00007ff896820000 - 0x00007ff896891000 	C:\WINDOWS\System32\WS2_32.dll
0x00007ff892e60000 - 0x00007ff892ead000 	C:\WINDOWS\SYSTEM32\POWRPROF.dll
0x00007ff88ea70000 - 0x00007ff88eaa4000 	C:\WINDOWS\SYSTEM32\WINMM.dll
0x00007ff88d950000 - 0x00007ff88d95a000 	C:\WINDOWS\SYSTEM32\VERSION.dll
0x00007ff892e20000 - 0x00007ff892e33000 	C:\WINDOWS\SYSTEM32\UMPDC.dll
0x00007ff8930e0000 - 0x00007ff8930f8000 	C:\WINDOWS\SYSTEM32\kernel.appcore.dll
0x00007ff88b560000 - 0x00007ff88b56a000 	C:\Program Files\OpenLogic\jdk-17.0.14.7-hotspot\bin\jimage.dll
0x00007ff891920000 - 0x00007ff891b53000 	C:\WINDOWS\SYSTEM32\DBGHELP.DLL
0x00007ff8959b0000 - 0x00007ff895d43000 	C:\WINDOWS\System32\combase.dll
0x00007ff895d50000 - 0x00007ff895e27000 	C:\WINDOWS\System32\OLEAUT32.dll
0x00007ff865080000 - 0x00007ff8650b2000 	C:\WINDOWS\SYSTEM32\dbgcore.DLL
0x00007ff894080000 - 0x00007ff8940fb000 	C:\WINDOWS\System32\bcryptPrimitives.dll
0x00007ff87a710000 - 0x00007ff87a71e000 	C:\Program Files\OpenLogic\jdk-17.0.14.7-hotspot\bin\instrument.dll
0x00007ff86c130000 - 0x00007ff86c155000 	C:\Program Files\OpenLogic\jdk-17.0.14.7-hotspot\bin\java.dll
0x00007ff868880000 - 0x00007ff868956000 	C:\Program Files\OpenLogic\jdk-17.0.14.7-hotspot\bin\jsvml.dll
0x00007ff895e30000 - 0x00007ff8966d2000 	C:\WINDOWS\System32\SHELL32.dll
0x00007ff894640000 - 0x00007ff89477f000 	C:\WINDOWS\System32\wintypes.dll
0x00007ff891ee0000 - 0x00007ff8927fd000 	C:\WINDOWS\SYSTEM32\windows.storage.dll
0x00007ff8958a0000 - 0x00007ff8959ac000 	C:\WINDOWS\System32\SHCORE.dll
0x00007ff8955d0000 - 0x00007ff895639000 	C:\WINDOWS\System32\shlwapi.dll
0x00007ff893f30000 - 0x00007ff893f5b000 	C:\WINDOWS\SYSTEM32\profapi.dll
0x00007ff881cb0000 - 0x00007ff881cc8000 	C:\Program Files\OpenLogic\jdk-17.0.14.7-hotspot\bin\zip.dll
0x00007ff88b250000 - 0x00007ff88b269000 	C:\Program Files\OpenLogic\jdk-17.0.14.7-hotspot\bin\net.dll
0x00007ff88f980000 - 0x00007ff88faac000 	C:\WINDOWS\SYSTEM32\WINHTTP.dll
0x00007ff893570000 - 0x00007ff8935d9000 	C:\WINDOWS\system32\mswsock.dll
0x00007ff88b1f0000 - 0x00007ff88b206000 	C:\Program Files\OpenLogic\jdk-17.0.14.7-hotspot\bin\nio.dll
0x00007ff88b4b0000 - 0x00007ff88b4c0000 	C:\Program Files\OpenLogic\jdk-17.0.14.7-hotspot\bin\verify.dll
0x00007ff86b890000 - 0x00007ff86b8b7000 	C:\Users\satya\.gradle\native\1def1411415f61bf3af743bc5b6707747c0891f09f0c88961ee8f79bc544acac\windows-amd64\native-platform.dll
0x00007ff868730000 - 0x00007ff8687a8000 	C:\Users\satya\.gradle\native\0.2.7\x86_64-windows-gnu\gradle-fileevents.dll
0x00007ff881a40000 - 0x00007ff881a49000 	C:\Program Files\OpenLogic\jdk-17.0.14.7-hotspot\bin\management.dll
0x00007ff880d80000 - 0x00007ff880d8b000 	C:\Program Files\OpenLogic\jdk-17.0.14.7-hotspot\bin\management_ext.dll
0x00007ff896b60000 - 0x00007ff896b68000 	C:\WINDOWS\System32\PSAPI.DLL
0x00007ff892a60000 - 0x00007ff892a8d000 	C:\WINDOWS\SYSTEM32\IPHLPAPI.DLL
0x00007ff895800000 - 0x00007ff895809000 	C:\WINDOWS\System32\NSI.dll
0x00007ff88f830000 - 0x00007ff88f849000 	C:\WINDOWS\SYSTEM32\dhcpcsvc6.DLL
0x00007ff88f810000 - 0x00007ff88f82f000 	C:\WINDOWS\SYSTEM32\dhcpcsvc.DLL
0x00007ff892ad0000 - 0x00007ff892bc8000 	C:\WINDOWS\SYSTEM32\DNSAPI.dll
0x00007ff87f780000 - 0x00007ff87f788000 	C:\Program Files\OpenLogic\jdk-17.0.14.7-hotspot\bin\extnet.dll
0x00007ff893800000 - 0x00007ff89381b000 	C:\WINDOWS\SYSTEM32\CRYPTSP.dll
0x00007ff893040000 - 0x00007ff893077000 	C:\WINDOWS\system32\rsaenh.dll
0x00007ff893670000 - 0x00007ff893698000 	C:\WINDOWS\SYSTEM32\USERENV.dll
0x00007ff8937f0000 - 0x00007ff8937fc000 	C:\WINDOWS\SYSTEM32\CRYPTBASE.dll
0x00007ff87a700000 - 0x00007ff87a70e000 	C:\Program Files\OpenLogic\jdk-17.0.14.7-hotspot\bin\sunmscapi.dll
0x00007ff894a00000 - 0x00007ff894b67000 	C:\WINDOWS\System32\CRYPT32.dll
0x00007ff8939b0000 - 0x00007ff8939dd000 	C:\WINDOWS\SYSTEM32\ncrypt.dll
0x00007ff893970000 - 0x00007ff8939a7000 	C:\WINDOWS\SYSTEM32\NTASN1.dll
0x00007ff802dc0000 - 0x00007ff802dc8000 	C:\WINDOWS\system32\wshunix.dll
0x00007ff883000000 - 0x00007ff883017000 	C:\WINDOWS\system32\napinsp.dll
0x00007ff882fe0000 - 0x00007ff882ffb000 	C:\WINDOWS\system32\pnrpnsp.dll
0x00007ff882fc0000 - 0x00007ff882fd1000 	C:\WINDOWS\System32\winrnr.dll
0x00007ff88ab00000 - 0x00007ff88ab1f000 	C:\WINDOWS\system32\wshbth.dll
0x00007ff882f90000 - 0x00007ff882fb1000 	C:\WINDOWS\system32\nlansp_c.dll
0x00007ff88d960000 - 0x00007ff88d96a000 	C:\Windows\System32\rasadhlp.dll
0x00007ff88e4b0000 - 0x00007ff88e534000 	C:\WINDOWS\System32\fwpuclnt.dll

dbghelp: loaded successfully - version: 4.0.5 - missing functions: none
symbol engine: initialized successfully - sym options: 0x614 - pdb path: .;C:\Program Files\OpenLogic\jdk-17.0.14.7-hotspot\bin;C:\WINDOWS\SYSTEM32;C:\WINDOWS\WinSxS\amd64_microsoft.windows.common-controls_6595b64144ccf1df_6.0.22621.5547_none_27104afb73855772;C:\Program Files\OpenLogic\jdk-17.0.14.7-hotspot\bin\server;C:\Users\satya\.gradle\native\1def1411415f61bf3af743bc5b6707747c0891f09f0c88961ee8f79bc544acac\windows-amd64;C:\Users\satya\.gradle\native\0.2.7\x86_64-windows-gnu

VM Arguments:
jvm_args: --add-opens=java.base/java.lang=ALL-UNNAMED --add-opens=java.base/java.lang.invoke=ALL-UNNAMED --add-opens=java.base/java.util=ALL-UNNAMED --add-opens=java.prefs/java.util.prefs=ALL-UNNAMED --add-exports=jdk.compiler/com.sun.tools.javac.api=ALL-UNNAMED --add-exports=jdk.compiler/com.sun.tools.javac.util=ALL-UNNAMED --add-opens=java.base/java.util=ALL-UNNAMED --add-opens=java.prefs/java.util.prefs=ALL-UNNAMED --add-opens=java.base/java.nio.charset=ALL-UNNAMED --add-opens=java.base/java.net=ALL-UNNAMED --add-opens=java.base/java.util.concurrent.atomic=ALL-UNNAMED --add-opens=java.xml/javax.xml.namespace=ALL-UNNAMED -XX:MaxMetaspaceSize=512m -Xmx2048m -Dfile.encoding=UTF-8 -Duser.country=US -Duser.language=en -Duser.variant -javaagent:C:\Users\satya\.gradle\wrapper\dists\gradle-8.13-bin\5xuhj0ry160q40clulazy9h7d\gradle-8.13\lib\agents\gradle-instrumentation-agent-8.13.jar 
java_command: org.gradle.launcher.daemon.bootstrap.GradleDaemon 8.13
java_class_path (initial): C:\Users\satya\.gradle\wrapper\dists\gradle-8.13-bin\5xuhj0ry160q40clulazy9h7d\gradle-8.13\lib\gradle-daemon-main-8.13.jar
Launcher Type: SUN_STANDARD

[Global flags]
     intx CICompilerCount                          = 4                                         {product} {ergonomic}
   size_t CompressedClassSpaceSize                 = 436207616                                 {product} {ergonomic}
     uint ConcGCThreads                            = 2                                         {product} {ergonomic}
     uint G1ConcRefinementThreads                  = 8                                         {product} {ergonomic}
   size_t G1HeapRegionSize                         = 1048576                                   {product} {ergonomic}
    uintx GCDrainStackTargetSize                   = 64                                        {product} {ergonomic}
   size_t InitialHeapSize                          = 400556032                                 {product} {ergonomic}
   size_t MarkStackSize                            = 4194304                                   {product} {ergonomic}
   size_t MaxHeapSize                              = 2147483648                                {product} {command line}
   size_t MaxMetaspaceSize                         = 536870912                                 {product} {command line}
   size_t MaxNewSize                               = 1287651328                                {product} {ergonomic}
   size_t MinHeapDeltaBytes                        = 1048576                                   {product} {ergonomic}
   size_t MinHeapSize                              = 8388608                                   {product} {ergonomic}
    uintx NonNMethodCodeHeapSize                   = 5839372                                {pd product} {ergonomic}
    uintx NonProfiledCodeHeapSize                  = 122909434                              {pd product} {ergonomic}
    uintx ProfiledCodeHeapSize                     = 122909434                              {pd product} {ergonomic}
    uintx ReservedCodeCacheSize                    = 251658240                              {pd product} {ergonomic}
     bool SegmentedCodeCache                       = true                                      {product} {ergonomic}
   size_t SoftMaxHeapSize                          = 2147483648                             {manageable} {ergonomic}
     bool UseCompressedClassPointers               = true                           {product lp64_product} {ergonomic}
     bool UseCompressedOops                        = true                           {product lp64_product} {ergonomic}
     bool UseG1GC                                  = true                                      {product} {ergonomic}
     bool UseLargePagesIndividualAllocation        = false                                  {pd product} {ergonomic}

Logging:
Log output configuration:
 #0: stdout all=warning uptime,level,tags
 #1: stderr all=off uptime,level,tags

Environment Variables:
JAVA_HOME=C:\Program Files\OpenLogic\jdk-17.0.14.7-hotspot\
PATH=C:\Program Files\Common Files\Oracle\Java\javapath;C:\Program Files\OpenLogic\jdk-17.0.14.7-hotspot\bin;C:\Python313\Scripts\;C:\Python313\;C:\Windows\system32;C:\Windows;C:\Windows\System32\Wbem;C:\Windows\System32\WindowsPowerShell\v1.0\;C:\Windows\System32\OpenSSH\;C:\Program Files (x86)\NVIDIA Corporation\PhysX\Common;C:\Program Files\NVIDIA Corporation\NVIDIA NvDLISR;C:\WINDOWS\system32;C:\WINDOWS;C:\WINDOWS\System32\Wbem;C:\WINDOWS\System32\WindowsPowerShell\v1.0\;C:\WINDOWS\System32\OpenSSH\;C:\Program Files\Git\cmd;C:\Program Files\nodejs\;C:\ProgramData\chocolatey\bin;C:\Users\satya\AppData\Local\Android\Sdk\emulator;C:\Users\satya\AppData\Local\Android\Sdk\platform-tools;;C:\Program Files\Docker\Docker\resources\bin;C:\Users\satya\anaconda3;C:\Users\satya\anaconda3\Library\mingw-w64\bin;C:\Users\satya\anaconda3\Library\usr\bin;C:\Users\satya\anaconda3\Library\bin;C:\Users\satya\anaconda3\Scripts;C:\Users\satya\AppData\Local\Microsoft\WindowsApps;C:\Users\satya\AppData\Local\Programs\Microsoft VS Code\bin;C:\Users\satya\AppData\Roaming\npm
USERNAME=satya
OS=Windows_NT
PROCESSOR_IDENTIFIER=Intel64 Family 6 Model 140 Stepping 2, GenuineIntel
TMP=C:\Users\satya\AppData\Local\Temp
TEMP=C:\Users\satya\AppData\Local\Temp



Periodic native trim disabled


---------------  S Y S T E M  ---------------

OS:
 Windows 11 , 64 bit Build 22621 (10.0.22621.5415)
OS uptime: 1 days 8:10 hours
Hyper-V role detected

CPU: total 8 (initial active 8) (4 cores per cpu, 2 threads per core) family 6 model 140 stepping 2 microcode 0x38, cx8, cmov, fxsr, ht, mmx, 3dnowpref, sse, sse2, sse3, ssse3, sse4.1, sse4.2, popcnt, lzcnt, tsc, tscinvbit, avx, avx2, aes, erms, clmul, bmi1, bmi2, adx, avx512f, avx512dq, avx512cd, avx512bw, avx512vl, sha, fma, vzeroupper, avx512_vpopcntdq, avx512_vpclmulqdq, avx512_vaes, avx512_vnni, clflush, clflushopt, clwb, avx512_vbmi2, avx512_vbmi, hv
Processor Information for all 8 processors :
  Max Mhz: 3187, Current Mhz: 3187, Mhz Limit: 3187

Memory: 4k page, system-wide physical 24359M (120M free)
TotalPageFile size 85122M (AvailPageFile size 63M)
current process WorkingSet (physical memory assigned to process): 400M, peak: 402M
current process commit charge ("private bytes"): 443M, peak: 579M

vm_info: OpenJDK 64-Bit Server VM (17.0.14+7-adhoc..jdk17u) for windows-amd64 JRE (17.0.14+7-adhoc..jdk17u), built on Jan 22 2025 11:06:43 by "" with MS VC++ 16.10 / 16.11 (VS2019)

END.
